This file contains any messages produced by compilers while
running configure, to aid debugging if configure makes a mistake.

It was created by wandio configure 4.0.0, which was
generated by GNU Autoconf 2.69.  Invocation command line was

  $ ./configure 

## --------- ##
## Platform. ##
## --------- ##

hostname = leandros-VirtualBox
uname -m = x86_64
uname -r = 4.15.0-38-generic
uname -s = Linux
uname -v = #41-Ubuntu SMP Wed Oct 10 10:59:38 UTC 2018

/usr/bin/uname -p = unknown
/bin/uname -X     = unknown

/bin/arch              = unknown
/usr/bin/arch -k       = unknown
/usr/convex/getsysinfo = unknown
/usr/bin/hostinfo      = unknown
/bin/machine           = unknown
/usr/bin/oslevel       = unknown
/bin/universe          = unknown

PATH: /usr/local/sbin
PATH: /usr/local/bin
PATH: /usr/sbin
PATH: /usr/bin
PATH: /sbin
PATH: /bin
PATH: /usr/games
PATH: /usr/local/games
PATH: /snap/bin


## ----------- ##
## Core tests. ##
## ----------- ##

configure:2677: checking for a BSD-compatible install
configure:2745: result: /usr/bin/install -c
configure:2756: checking whether build environment is sane
configure:2806: result: yes
configure:2947: checking for a thread-safe mkdir -p
configure:2986: result: /bin/mkdir -p
configure:2999: checking for gawk
configure:3029: result: no
configure:2999: checking for mawk
configure:3015: found /usr/bin/mawk
configure:3026: result: mawk
configure:3037: checking whether make sets $(MAKE)
configure:3059: result: yes
configure:3152: checking whether make supports nested variables
configure:3169: result: yes
configure:3258: checking for gcc
configure:3274: found /usr/bin/gcc
configure:3285: result: gcc
configure:3514: checking for C compiler version
configure:3523: gcc --version >&5
gcc (Ubuntu 7.3.0-27ubuntu1~18.04) 7.3.0
Copyright (C) 2017 Free Software Foundation, Inc.
This is free software; see the source for copying conditions.  There is NO
warranty; not even for MERCHANTABILITY or FITNESS FOR A PARTICULAR PURPOSE.

configure:3534: $? = 0
configure:3523: gcc -v >&5
Using built-in specs.
COLLECT_GCC=gcc
COLLECT_LTO_WRAPPER=/usr/lib/gcc/x86_64-linux-gnu/7/lto-wrapper
OFFLOAD_TARGET_NAMES=nvptx-none
OFFLOAD_TARGET_DEFAULT=1
Target: x86_64-linux-gnu
Configured with: ../src/configure -v --with-pkgversion='Ubuntu 7.3.0-27ubuntu1~18.04' --with-bugurl=file:///usr/share/doc/gcc-7/README.Bugs --enable-languages=c,ada,c++,go,brig,d,fortran,objc,obj-c++ --prefix=/usr --with-gcc-major-version-only --program-suffix=-7 --program-prefix=x86_64-linux-gnu- --enable-shared --enable-linker-build-id --libexecdir=/usr/lib --without-included-gettext --enable-threads=posix --libdir=/usr/lib --enable-nls --with-sysroot=/ --enable-clocale=gnu --enable-libstdcxx-debug --enable-libstdcxx-time=yes --with-default-libstdcxx-abi=new --enable-gnu-unique-object --disable-vtable-verify --enable-libmpx --enable-plugin --enable-default-pie --with-system-zlib --with-target-system-zlib --enable-objc-gc=auto --enable-multiarch --disable-werror --with-arch-32=i686 --with-abi=m64 --with-multilib-list=m32,m64,mx32 --enable-multilib --with-tune=generic --enable-offload-targets=nvptx-none --without-cuda-driver --enable-checking=release --build=x86_64-linux-gnu --host=x86_64-linux-gnu --target=x86_64-linux-gnu
Thread model: posix
gcc version 7.3.0 (Ubuntu 7.3.0-27ubuntu1~18.04) 
configure:3534: $? = 0
configure:3523: gcc -V >&5
gcc: error: unrecognized command line option '-V'
gcc: fatal error: no input files
compilation terminated.
configure:3534: $? = 1
configure:3523: gcc -qversion >&5
gcc: error: unrecognized command line option '-qversion'; did you mean '--version'?
gcc: fatal error: no input files
compilation terminated.
configure:3534: $? = 1
configure:3554: checking whether the C compiler works
configure:3576: gcc    conftest.c  >&5
configure:3580: $? = 0
configure:3628: result: yes
configure:3631: checking for C compiler default output file name
configure:3633: result: a.out
configure:3639: checking for suffix of executables
configure:3646: gcc -o conftest    conftest.c  >&5
configure:3650: $? = 0
configure:3672: result: 
configure:3694: checking whether we are cross compiling
configure:3702: gcc -o conftest    conftest.c  >&5
configure:3706: $? = 0
configure:3713: ./conftest
configure:3717: $? = 0
configure:3732: result: no
configure:3737: checking for suffix of object files
configure:3759: gcc -c   conftest.c >&5
configure:3763: $? = 0
configure:3784: result: o
configure:3788: checking whether we are using the GNU C compiler
configure:3807: gcc -c   conftest.c >&5
configure:3807: $? = 0
configure:3816: result: yes
configure:3825: checking whether gcc accepts -g
configure:3845: gcc -c -g  conftest.c >&5
configure:3845: $? = 0
configure:3886: result: yes
configure:3903: checking for gcc option to accept ISO C89
configure:3966: gcc  -c -g -O2  conftest.c >&5
configure:3966: $? = 0
configure:3979: result: none needed
configure:4010: checking for style of include used by make
configure:4038: result: GNU
configure:4064: checking dependency style of gcc
configure:4175: result: gcc3
configure:4248: checking for g++
configure:4264: found /usr/bin/g++
configure:4275: result: g++
configure:4302: checking for C++ compiler version
configure:4311: g++ --version >&5
g++ (Ubuntu 7.3.0-27ubuntu1~18.04) 7.3.0
Copyright (C) 2017 Free Software Foundation, Inc.
This is free software; see the source for copying conditions.  There is NO
warranty; not even for MERCHANTABILITY or FITNESS FOR A PARTICULAR PURPOSE.

configure:4322: $? = 0
configure:4311: g++ -v >&5
Using built-in specs.
COLLECT_GCC=g++
COLLECT_LTO_WRAPPER=/usr/lib/gcc/x86_64-linux-gnu/7/lto-wrapper
OFFLOAD_TARGET_NAMES=nvptx-none
OFFLOAD_TARGET_DEFAULT=1
Target: x86_64-linux-gnu
Configured with: ../src/configure -v --with-pkgversion='Ubuntu 7.3.0-27ubuntu1~18.04' --with-bugurl=file:///usr/share/doc/gcc-7/README.Bugs --enable-languages=c,ada,c++,go,brig,d,fortran,objc,obj-c++ --prefix=/usr --with-gcc-major-version-only --program-suffix=-7 --program-prefix=x86_64-linux-gnu- --enable-shared --enable-linker-build-id --libexecdir=/usr/lib --without-included-gettext --enable-threads=posix --libdir=/usr/lib --enable-nls --with-sysroot=/ --enable-clocale=gnu --enable-libstdcxx-debug --enable-libstdcxx-time=yes --with-default-libstdcxx-abi=new --enable-gnu-unique-object --disable-vtable-verify --enable-libmpx --enable-plugin --enable-default-pie --with-system-zlib --with-target-system-zlib --enable-objc-gc=auto --enable-multiarch --disable-werror --with-arch-32=i686 --with-abi=m64 --with-multilib-list=m32,m64,mx32 --enable-multilib --with-tune=generic --enable-offload-targets=nvptx-none --without-cuda-driver --enable-checking=release --build=x86_64-linux-gnu --host=x86_64-linux-gnu --target=x86_64-linux-gnu
Thread model: posix
gcc version 7.3.0 (Ubuntu 7.3.0-27ubuntu1~18.04) 
configure:4322: $? = 0
configure:4311: g++ -V >&5
g++: error: unrecognized command line option '-V'
g++: fatal error: no input files
compilation terminated.
configure:4322: $? = 1
configure:4311: g++ -qversion >&5
g++: error: unrecognized command line option '-qversion'; did you mean '--version'?
g++: fatal error: no input files
compilation terminated.
configure:4322: $? = 1
configure:4326: checking whether we are using the GNU C++ compiler
configure:4345: g++ -c   conftest.cpp >&5
configure:4345: $? = 0
configure:4354: result: yes
configure:4363: checking whether g++ accepts -g
configure:4383: g++ -c -g  conftest.cpp >&5
configure:4383: $? = 0
configure:4424: result: yes
configure:4449: checking dependency style of g++
configure:4560: result: gcc3
configure:4576: checking whether the C++ compiler works
configure:4598: g++ -o conftest -g -O2   conftest.cpp  >&5
configure:4598: $? = 0
configure:4612: result: yes
configure:4633: checking how to run the C preprocessor
configure:4664: gcc -E  conftest.c
configure:4664: $? = 0
configure:4678: gcc -E  conftest.c
conftest.c:14:10: fatal error: ac_nonexistent.h: No such file or directory
 #include <ac_nonexistent.h>
          ^~~~~~~~~~~~~~~~~~
compilation terminated.
configure:4678: $? = 1
configure: failed program was:
| /* confdefs.h */
| #define PACKAGE_NAME "wandio"
| #define PACKAGE_TARNAME "wandio"
| #define PACKAGE_VERSION "4.0.0"
| #define PACKAGE_STRING "wandio 4.0.0"
| #define PACKAGE_BUGREPORT "contact@wand.net.nz"
| #define PACKAGE_URL ""
| #define PACKAGE "wandio"
| #define VERSION "4.0.0"
| #define WANDIO_MAJOR ${WANDIO_MAJOR}
| #define WANDIO_MID ${WANDIO_MID}
| #define WANDIO_MINOR ${WANDIO_MINOR}
| /* end confdefs.h.  */
| #include <ac_nonexistent.h>
configure:4703: result: gcc -E
configure:4723: gcc -E  conftest.c
configure:4723: $? = 0
configure:4737: gcc -E  conftest.c
conftest.c:14:10: fatal error: ac_nonexistent.h: No such file or directory
 #include <ac_nonexistent.h>
          ^~~~~~~~~~~~~~~~~~
compilation terminated.
configure:4737: $? = 1
configure: failed program was:
| /* confdefs.h */
| #define PACKAGE_NAME "wandio"
| #define PACKAGE_TARNAME "wandio"
| #define PACKAGE_VERSION "4.0.0"
| #define PACKAGE_STRING "wandio 4.0.0"
| #define PACKAGE_BUGREPORT "contact@wand.net.nz"
| #define PACKAGE_URL ""
| #define PACKAGE "wandio"
| #define VERSION "4.0.0"
| #define WANDIO_MAJOR ${WANDIO_MAJOR}
| #define WANDIO_MID ${WANDIO_MID}
| #define WANDIO_MINOR ${WANDIO_MINOR}
| /* end confdefs.h.  */
| #include <ac_nonexistent.h>
configure:4766: checking for grep that handles long lines and -e
configure:4824: result: /bin/grep
configure:4829: checking for egrep
configure:4891: result: /bin/grep -E
configure:4896: checking for ANSI C header files
configure:4916: gcc -c -g -O2  conftest.c >&5
configure:4916: $? = 0
configure:4989: gcc -o conftest -g -O2   conftest.c  >&5
configure:4989: $? = 0
configure:4989: ./conftest
configure:4989: $? = 0
configure:5000: result: yes
configure:5013: checking for sys/types.h
configure:5013: gcc -c -g -O2  conftest.c >&5
configure:5013: $? = 0
configure:5013: result: yes
configure:5013: checking for sys/stat.h
configure:5013: gcc -c -g -O2  conftest.c >&5
configure:5013: $? = 0
configure:5013: result: yes
configure:5013: checking for stdlib.h
configure:5013: gcc -c -g -O2  conftest.c >&5
configure:5013: $? = 0
configure:5013: result: yes
configure:5013: checking for string.h
configure:5013: gcc -c -g -O2  conftest.c >&5
configure:5013: $? = 0
configure:5013: result: yes
configure:5013: checking for memory.h
configure:5013: gcc -c -g -O2  conftest.c >&5
configure:5013: $? = 0
configure:5013: result: yes
configure:5013: checking for strings.h
configure:5013: gcc -c -g -O2  conftest.c >&5
configure:5013: $? = 0
configure:5013: result: yes
configure:5013: checking for inttypes.h
configure:5013: gcc -c -g -O2  conftest.c >&5
configure:5013: $? = 0
configure:5013: result: yes
configure:5013: checking for stdint.h
configure:5013: gcc -c -g -O2  conftest.c >&5
configure:5013: $? = 0
configure:5013: result: yes
configure:5013: checking for unistd.h
configure:5013: gcc -c -g -O2  conftest.c >&5
configure:5013: $? = 0
configure:5013: result: yes
configure:5027: checking for stdlib.h
configure:5027: result: yes
configure:5037: checking for GNU libc compatible malloc
configure:5061: gcc -o conftest -g -O2   conftest.c  >&5
configure:5061: $? = 0
configure:5061: ./conftest
configure:5061: $? = 0
configure:5071: result: yes
configure:5094: checking for stdlib.h
configure:5094: result: yes
configure:5104: checking for GNU libc compatible realloc
configure:5128: gcc -o conftest -g -O2   conftest.c  >&5
configure:5128: $? = 0
configure:5128: ./conftest
configure:5128: $? = 0
configure:5138: result: yes
configure:5162: checking for an ANSI C-conforming const
configure:5228: gcc -c -g -O2  conftest.c >&5
configure:5228: $? = 0
configure:5235: result: yes
configure:5243: checking for inline
configure:5259: gcc -c -g -O2  conftest.c >&5
configure:5259: $? = 0
configure:5267: result: inline
configure:5285: checking whether byte ordering is bigendian
configure:5300: gcc -c -g -O2  conftest.c >&5
conftest.c:29:9: error: unknown type name 'not'
         not a universal capable compiler
         ^~~
conftest.c:29:15: error: expected '=', ',', ';', 'asm' or '__attribute__' before 'universal'
         not a universal capable compiler
               ^~~~~~~~~
conftest.c:29:15: error: unknown type name 'universal'
configure:5300: $? = 1
configure: failed program was:
| /* confdefs.h */
| #define PACKAGE_NAME "wandio"
| #define PACKAGE_TARNAME "wandio"
| #define PACKAGE_VERSION "4.0.0"
| #define PACKAGE_STRING "wandio 4.0.0"
| #define PACKAGE_BUGREPORT "contact@wand.net.nz"
| #define PACKAGE_URL ""
| #define PACKAGE "wandio"
| #define VERSION "4.0.0"
| #define WANDIO_MAJOR ${WANDIO_MAJOR}
| #define WANDIO_MID ${WANDIO_MID}
| #define WANDIO_MINOR ${WANDIO_MINOR}
| #define STDC_HEADERS 1
| #define HAVE_SYS_TYPES_H 1
| #define HAVE_SYS_STAT_H 1
| #define HAVE_STDLIB_H 1
| #define HAVE_STRING_H 1
| #define HAVE_MEMORY_H 1
| #define HAVE_STRINGS_H 1
| #define HAVE_INTTYPES_H 1
| #define HAVE_STDINT_H 1
| #define HAVE_UNISTD_H 1
| #define HAVE_STDLIB_H 1
| #define HAVE_MALLOC 1
| #define HAVE_STDLIB_H 1
| #define HAVE_REALLOC 1
| /* end confdefs.h.  */
| #ifndef __APPLE_CC__
| 	       not a universal capable compiler
| 	     #endif
| 	     typedef int dummy;
| 
configure:5345: gcc -c -g -O2  conftest.c >&5
configure:5345: $? = 0
configure:5363: gcc -c -g -O2  conftest.c >&5
conftest.c: In function 'main':
conftest.c:35:4: error: unknown type name 'not'; did you mean 'ino_t'?
    not big endian
    ^~~
    ino_t
conftest.c:35:12: error: expected '=', ',', ';', 'asm' or '__attribute__' before 'endian'
    not big endian
            ^~~~~~
configure:5363: $? = 1
configure: failed program was:
| /* confdefs.h */
| #define PACKAGE_NAME "wandio"
| #define PACKAGE_TARNAME "wandio"
| #define PACKAGE_VERSION "4.0.0"
| #define PACKAGE_STRING "wandio 4.0.0"
| #define PACKAGE_BUGREPORT "contact@wand.net.nz"
| #define PACKAGE_URL ""
| #define PACKAGE "wandio"
| #define VERSION "4.0.0"
| #define WANDIO_MAJOR ${WANDIO_MAJOR}
| #define WANDIO_MID ${WANDIO_MID}
| #define WANDIO_MINOR ${WANDIO_MINOR}
| #define STDC_HEADERS 1
| #define HAVE_SYS_TYPES_H 1
| #define HAVE_SYS_STAT_H 1
| #define HAVE_STDLIB_H 1
| #define HAVE_STRING_H 1
| #define HAVE_MEMORY_H 1
| #define HAVE_STRINGS_H 1
| #define HAVE_INTTYPES_H 1
| #define HAVE_STDINT_H 1
| #define HAVE_UNISTD_H 1
| #define HAVE_STDLIB_H 1
| #define HAVE_MALLOC 1
| #define HAVE_STDLIB_H 1
| #define HAVE_REALLOC 1
| /* end confdefs.h.  */
| #include <sys/types.h>
| 		#include <sys/param.h>
| 
| int
| main ()
| {
| #if BYTE_ORDER != BIG_ENDIAN
| 		 not big endian
| 		#endif
| 
|   ;
|   return 0;
| }
configure:5491: result: no
configure:5509: checking for size_t
configure:5509: gcc -c -g -O2  conftest.c >&5
configure:5509: $? = 0
configure:5509: gcc -c -g -O2  conftest.c >&5
conftest.c: In function 'main':
conftest.c:64:21: error: expected expression before ')' token
 if (sizeof ((size_t)))
                     ^
configure:5509: $? = 1
configure: failed program was:
| /* confdefs.h */
| #define PACKAGE_NAME "wandio"
| #define PACKAGE_TARNAME "wandio"
| #define PACKAGE_VERSION "4.0.0"
| #define PACKAGE_STRING "wandio 4.0.0"
| #define PACKAGE_BUGREPORT "contact@wand.net.nz"
| #define PACKAGE_URL ""
| #define PACKAGE "wandio"
| #define VERSION "4.0.0"
| #define WANDIO_MAJOR ${WANDIO_MAJOR}
| #define WANDIO_MID ${WANDIO_MID}
| #define WANDIO_MINOR ${WANDIO_MINOR}
| #define STDC_HEADERS 1
| #define HAVE_SYS_TYPES_H 1
| #define HAVE_SYS_STAT_H 1
| #define HAVE_STDLIB_H 1
| #define HAVE_STRING_H 1
| #define HAVE_MEMORY_H 1
| #define HAVE_STRINGS_H 1
| #define HAVE_INTTYPES_H 1
| #define HAVE_STDINT_H 1
| #define HAVE_UNISTD_H 1
| #define HAVE_STDLIB_H 1
| #define HAVE_MALLOC 1
| #define HAVE_STDLIB_H 1
| #define HAVE_REALLOC 1
| /* end confdefs.h.  */
| #include <stdio.h>
| #ifdef HAVE_SYS_TYPES_H
| # include <sys/types.h>
| #endif
| #ifdef HAVE_SYS_STAT_H
| # include <sys/stat.h>
| #endif
| #ifdef STDC_HEADERS
| # include <stdlib.h>
| # include <stddef.h>
| #else
| # ifdef HAVE_STDLIB_H
| #  include <stdlib.h>
| # endif
| #endif
| #ifdef HAVE_STRING_H
| # if !defined STDC_HEADERS && defined HAVE_MEMORY_H
| #  include <memory.h>
| # endif
| # include <string.h>
| #endif
| #ifdef HAVE_STRINGS_H
| # include <strings.h>
| #endif
| #ifdef HAVE_INTTYPES_H
| # include <inttypes.h>
| #endif
| #ifdef HAVE_STDINT_H
| # include <stdint.h>
| #endif
| #ifdef HAVE_UNISTD_H
| # include <unistd.h>
| #endif
| int
| main ()
| {
| if (sizeof ((size_t)))
| 	    return 0;
|   ;
|   return 0;
| }
configure:5509: result: yes
configure:5520: checking whether time.h and sys/time.h may both be included
configure:5540: gcc -c -g -O2  conftest.c >&5
configure:5540: $? = 0
configure:5547: result: yes
configure:5562: checking for special C compiler options needed for large files
configure:5607: result: no
configure:5613: checking for _FILE_OFFSET_BITS value needed for large files
configure:5638: gcc -c -g -O2  conftest.c >&5
configure:5638: $? = 0
configure:5670: result: no
configure:5769: checking for simple visibility declarations
configure:5791: gcc -c -g -O2 -Wall -Wmissing-prototypes -Wextra -DLT_BUILDING_DLL=1 -fvisibility=hidden  conftest.c >&5
configure:5791: $? = 0
configure:5800: result: yes
configure:5818: checking if -Werror flag is supported by compiler
configure:5829: gcc -c -g -O2 -Wall -Wmissing-prototypes -Wextra -DLT_BUILDING_DLL=1 -Werror  conftest.c >&5
configure:5829: $? = 0
configure:5839: result: yes
configure:5849: checking if compiler supports __attribute__((packed))
configure:5860: gcc -c -g -O2 -Wall -Wmissing-prototypes -Wextra -DLT_BUILDING_DLL=1 -Werror  conftest.c >&5
configure:5860: $? = 0
configure:5870: result: yes
configure:5890: checking if compiler supports __attribute__((deprecated))
configure:5901: gcc -c -g -O2 -Wall -Wmissing-prototypes -Wextra -DLT_BUILDING_DLL=1 -Werror  conftest.c >&5
configure:5901: $? = 0
configure:5911: result: yes
configure:5931: checking if compiler supports __attribute__((unused))
configure:5942: gcc -c -g -O2 -Wall -Wmissing-prototypes -Wextra -DLT_BUILDING_DLL=1 -Werror  conftest.c >&5
configure:5942: $? = 0
configure:5952: result: yes
configure:5972: checking if compiler supports __attribute__((pure))
configure:5983: gcc -c -g -O2 -Wall -Wmissing-prototypes -Wextra -DLT_BUILDING_DLL=1 -Werror  conftest.c >&5
configure:5983: $? = 0
configure:5993: result: yes
configure:6013: checking if compiler supports __attribute__((format(printf)))
configure:6024: gcc -c -g -O2 -Wall -Wmissing-prototypes -Wextra -DLT_BUILDING_DLL=1 -Werror  conftest.c >&5
configure:6024: $? = 0
configure:6034: result: yes
configure:6078: checking build system type
configure:6092: result: x86_64-unknown-linux-gnu
configure:6112: checking host system type
configure:6125: result: x86_64-unknown-linux-gnu
configure:6166: checking how to print strings
configure:6193: result: printf
configure:6214: checking for a sed that does not truncate output
configure:6278: result: /bin/sed
configure:6296: checking for fgrep
configure:6358: result: /bin/grep -F
configure:6393: checking for ld used by gcc
configure:6460: result: /usr/bin/ld
configure:6467: checking if the linker (/usr/bin/ld) is GNU ld
configure:6482: result: yes
configure:6494: checking for BSD- or MS-compatible name lister (nm)
configure:6543: result: /usr/bin/nm -B
configure:6673: checking the name lister (/usr/bin/nm -B) interface
configure:6680: gcc -c -g -O2 -Wall -Wmissing-prototypes -Wextra -DLT_BUILDING_DLL=1  conftest.c >&5
configure:6683: /usr/bin/nm -B "conftest.o"
configure:6686: output
0000000000000000 B some_variable
configure:6693: result: BSD nm
configure:6696: checking whether ln -s works
configure:6700: result: yes
configure:6708: checking the maximum length of command line arguments
configure:6838: result: 1572864
configure:6855: checking whether the shell understands some XSI constructs
configure:6865: result: yes
configure:6869: checking whether the shell understands "+="
configure:6875: result: yes
configure:6910: checking how to convert x86_64-unknown-linux-gnu file names to x86_64-unknown-linux-gnu format
configure:6950: result: func_convert_file_noop
configure:6957: checking how to convert x86_64-unknown-linux-gnu file names to toolchain format
configure:6977: result: func_convert_file_noop
configure:6984: checking for /usr/bin/ld option to reload object files
configure:6991: result: -r
configure:7065: checking for objdump
configure:7081: found /usr/bin/objdump
configure:7092: result: objdump
configure:7124: checking how to recognize dependent libraries
configure:7322: result: pass_all
configure:7407: checking for dlltool
configure:7437: result: no
configure:7467: checking how to associate runtime and link libraries
configure:7494: result: printf %s\n
configure:7554: checking for ar
configure:7570: found /usr/bin/ar
configure:7581: result: ar
configure:7618: checking for archiver @FILE support
configure:7635: gcc -c -g -O2 -Wall -Wmissing-prototypes -Wextra -DLT_BUILDING_DLL=1  conftest.c >&5
configure:7635: $? = 0
configure:7638: ar cru libconftest.a @conftest.lst >&5
ar: `u' modifier ignored since `D' is the default (see `U')
configure:7641: $? = 0
configure:7646: ar cru libconftest.a @conftest.lst >&5
ar: `u' modifier ignored since `D' is the default (see `U')
ar: conftest.o: No such file or directory
configure:7649: $? = 1
configure:7661: result: @
configure:7719: checking for strip
configure:7735: found /usr/bin/strip
configure:7746: result: strip
configure:7818: checking for ranlib
configure:7834: found /usr/bin/ranlib
configure:7845: result: ranlib
configure:7947: checking command to parse /usr/bin/nm -B output from gcc object
configure:8067: gcc -c -g -O2 -Wall -Wmissing-prototypes -Wextra -DLT_BUILDING_DLL=1  conftest.c >&5
configure:8070: $? = 0
configure:8074: /usr/bin/nm -B conftest.o \| sed -n -e 's/^.*[ ]\([ABCDGIRSTW][ABCDGIRSTW]*\)[ ][ ]*\([_A-Za-z][_A-Za-z0-9]*\)$/\1 \2 \2/p' | sed '/ __gnu_lto/d' \> conftest.nm
configure:8077: $? = 0
configure:8143: gcc -o conftest -g -O2 -Wall -Wmissing-prototypes -Wextra -DLT_BUILDING_DLL=1   conftest.c conftstm.o >&5
configure:8146: $? = 0
configure:8184: result: ok
configure:8221: checking for sysroot
configure:8251: result: no
configure:8328: gcc -c -g -O2 -Wall -Wmissing-prototypes -Wextra -DLT_BUILDING_DLL=1  conftest.c >&5
configure:8331: $? = 0
configure:8507: checking for mt
configure:8523: found /bin/mt
configure:8534: result: mt
configure:8557: checking if mt is a manifest tool
configure:8563: mt '-?'
configure:8571: result: no
configure:9210: checking for dlfcn.h
configure:9210: gcc -c -g -O2 -Wall -Wmissing-prototypes -Wextra -DLT_BUILDING_DLL=1  conftest.c >&5
configure:9210: $? = 0
configure:9210: result: yes
configure:9426: checking for objdir
configure:9441: result: .libs
configure:9712: checking if gcc supports -fno-rtti -fno-exceptions
configure:9730: gcc -c -g -O2 -Wall -Wmissing-prototypes -Wextra -DLT_BUILDING_DLL=1  -fno-rtti -fno-exceptions conftest.c >&5
cc1: warning: command line option '-fno-rtti' is valid for C++/ObjC++ but not for C
configure:9734: $? = 0
configure:9747: result: no
configure:10074: checking for gcc option to produce PIC
configure:10081: result: -fPIC -DPIC
configure:10089: checking if gcc PIC flag -fPIC -DPIC works
configure:10107: gcc -c -g -O2 -Wall -Wmissing-prototypes -Wextra -DLT_BUILDING_DLL=1  -fPIC -DPIC -DPIC conftest.c >&5
configure:10111: $? = 0
configure:10124: result: yes
configure:10153: checking if gcc static flag -static works
configure:10181: result: yes
configure:10196: checking if gcc supports -c -o file.o
configure:10217: gcc -c -g -O2 -Wall -Wmissing-prototypes -Wextra -DLT_BUILDING_DLL=1  -o out/conftest2.o conftest.c >&5
configure:10221: $? = 0
configure:10243: result: yes
configure:10251: checking if gcc supports -c -o file.o
configure:10298: result: yes
configure:10331: checking whether the gcc linker (/usr/bin/ld -m elf_x86_64) supports shared libraries
configure:11488: result: yes
configure:11525: checking whether -lc should be explicitly linked in
configure:11533: gcc -c -g -O2 -Wall -Wmissing-prototypes -Wextra -DLT_BUILDING_DLL=1  conftest.c >&5
configure:11536: $? = 0
configure:11551: gcc -shared  -fPIC -DPIC conftest.o  -v -Wl,-soname -Wl,conftest -o conftest 2\>\&1 \| /bin/grep  -lc  \>/dev/null 2\>\&1
configure:11554: $? = 0
configure:11568: result: no
configure:11728: checking dynamic linker characteristics
configure:12228: gcc -o conftest -g -O2 -Wall -Wmissing-prototypes -Wextra -DLT_BUILDING_DLL=1   -Wl,-rpath -Wl,/foo conftest.c  >&5
configure:12228: $? = 0
configure:12462: result: GNU/Linux ld.so
configure:12569: checking how to hardcode library paths into programs
configure:12594: result: immediate
configure:13134: checking whether stripping libraries is possible
configure:13139: result: yes
configure:13174: checking if libtool supports shared libraries
configure:13176: result: yes
configure:13179: checking whether to build shared libraries
configure:13200: result: yes
configure:13203: checking whether to build static libraries
configure:13207: result: yes
configure:13230: checking how to run the C++ preprocessor
configure:13257: g++ -E  conftest.cpp
configure:13257: $? = 0
configure:13271: g++ -E  conftest.cpp
conftest.cpp:37:10: fatal error: ac_nonexistent.h: No such file or directory
 #include <ac_nonexistent.h>
          ^~~~~~~~~~~~~~~~~~
compilation terminated.
configure:13271: $? = 1
configure: failed program was:
| /* confdefs.h */
| #define PACKAGE_NAME "wandio"
| #define PACKAGE_TARNAME "wandio"
| #define PACKAGE_VERSION "4.0.0"
| #define PACKAGE_STRING "wandio 4.0.0"
| #define PACKAGE_BUGREPORT "contact@wand.net.nz"
| #define PACKAGE_URL ""
| #define PACKAGE "wandio"
| #define VERSION "4.0.0"
| #define WANDIO_MAJOR ${WANDIO_MAJOR}
| #define WANDIO_MID ${WANDIO_MID}
| #define WANDIO_MINOR ${WANDIO_MINOR}
| #define STDC_HEADERS 1
| #define HAVE_SYS_TYPES_H 1
| #define HAVE_SYS_STAT_H 1
| #define HAVE_STDLIB_H 1
| #define HAVE_STRING_H 1
| #define HAVE_MEMORY_H 1
| #define HAVE_STRINGS_H 1
| #define HAVE_INTTYPES_H 1
| #define HAVE_STDINT_H 1
| #define HAVE_UNISTD_H 1
| #define HAVE_STDLIB_H 1
| #define HAVE_MALLOC 1
| #define HAVE_STDLIB_H 1
| #define HAVE_REALLOC 1
| #define TIME_WITH_SYS_TIME 1
| #define HAVE_VISIBILITY 1
| #define HAVE_ATTRIBUTE_PACKED 1
| #define HAVE_ATTRIBUTE_DEPRECATED 1
| #define HAVE_ATTRIBUTE_UNUSED 1
| #define HAVE_ATTRIBUTE_PURE 1
| #define HAVE_ATTRIBUTE_FORMAT 1
| #define HAVE_DLFCN_H 1
| #define LT_OBJDIR ".libs/"
| /* end confdefs.h.  */
| #include <ac_nonexistent.h>
configure:13296: result: g++ -E
configure:13316: g++ -E  conftest.cpp
configure:13316: $? = 0
configure:13330: g++ -E  conftest.cpp
conftest.cpp:37:10: fatal error: ac_nonexistent.h: No such file or directory
 #include <ac_nonexistent.h>
          ^~~~~~~~~~~~~~~~~~
compilation terminated.
configure:13330: $? = 1
configure: failed program was:
| /* confdefs.h */
| #define PACKAGE_NAME "wandio"
| #define PACKAGE_TARNAME "wandio"
| #define PACKAGE_VERSION "4.0.0"
| #define PACKAGE_STRING "wandio 4.0.0"
| #define PACKAGE_BUGREPORT "contact@wand.net.nz"
| #define PACKAGE_URL ""
| #define PACKAGE "wandio"
| #define VERSION "4.0.0"
| #define WANDIO_MAJOR ${WANDIO_MAJOR}
| #define WANDIO_MID ${WANDIO_MID}
| #define WANDIO_MINOR ${WANDIO_MINOR}
| #define STDC_HEADERS 1
| #define HAVE_SYS_TYPES_H 1
| #define HAVE_SYS_STAT_H 1
| #define HAVE_STDLIB_H 1
| #define HAVE_STRING_H 1
| #define HAVE_MEMORY_H 1
| #define HAVE_STRINGS_H 1
| #define HAVE_INTTYPES_H 1
| #define HAVE_STDINT_H 1
| #define HAVE_UNISTD_H 1
| #define HAVE_STDLIB_H 1
| #define HAVE_MALLOC 1
| #define HAVE_STDLIB_H 1
| #define HAVE_REALLOC 1
| #define TIME_WITH_SYS_TIME 1
| #define HAVE_VISIBILITY 1
| #define HAVE_ATTRIBUTE_PACKED 1
| #define HAVE_ATTRIBUTE_DEPRECATED 1
| #define HAVE_ATTRIBUTE_UNUSED 1
| #define HAVE_ATTRIBUTE_PURE 1
| #define HAVE_ATTRIBUTE_FORMAT 1
| #define HAVE_DLFCN_H 1
| #define LT_OBJDIR ".libs/"
| /* end confdefs.h.  */
| #include <ac_nonexistent.h>
configure:13499: checking for ld used by g++
configure:13566: result: /usr/bin/ld -m elf_x86_64
configure:13573: checking if the linker (/usr/bin/ld -m elf_x86_64) is GNU ld
configure:13588: result: yes
configure:13643: checking whether the g++ linker (/usr/bin/ld -m elf_x86_64) supports shared libraries
configure:14645: result: yes
configure:14681: g++ -c -g -O2 -Wall -DLT_BUILDING_DLL=1  conftest.cpp >&5
configure:14684: $? = 0
configure:15204: checking for g++ option to produce PIC
configure:15211: result: -fPIC -DPIC
configure:15219: checking if g++ PIC flag -fPIC -DPIC works
configure:15237: g++ -c -g -O2 -Wall -DLT_BUILDING_DLL=1  -fPIC -DPIC -DPIC conftest.cpp >&5
configure:15241: $? = 0
configure:15254: result: yes
configure:15277: checking if g++ static flag -static works
configure:15305: result: yes
configure:15317: checking if g++ supports -c -o file.o
configure:15338: g++ -c -g -O2 -Wall -DLT_BUILDING_DLL=1  -o out/conftest2.o conftest.cpp >&5
configure:15342: $? = 0
configure:15364: result: yes
configure:15369: checking if g++ supports -c -o file.o
configure:15416: result: yes
configure:15446: checking whether the g++ linker (/usr/bin/ld -m elf_x86_64) supports shared libraries
configure:15485: result: yes
configure:15626: checking dynamic linker characteristics
configure:16294: result: GNU/Linux ld.so
configure:16347: checking how to hardcode library paths into programs
configure:16372: result: immediate
configure:16436: checking whether gcc needs -traditional
configure:16470: result: no
configure:16485: checking size of long int
configure:16490: gcc -o conftest -g -O2 -Wall -Wmissing-prototypes -Wextra -DLT_BUILDING_DLL=1   conftest.c  >&5
configure:16490: $? = 0
configure:16490: ./conftest
configure:16490: $? = 0
configure:16504: result: 8
configure:16517: checking for ANSI C header files
configure:16621: result: yes
configure:16632: checking stddef.h usability
configure:16632: gcc -c -g -O2 -Wall -Wmissing-prototypes -Wextra -DLT_BUILDING_DLL=1  conftest.c >&5
configure:16632: $? = 0
configure:16632: result: yes
configure:16632: checking stddef.h presence
configure:16632: gcc -E  conftest.c
configure:16632: $? = 0
configure:16632: result: yes
configure:16632: checking for stddef.h
configure:16632: result: yes
configure:16632: checking for inttypes.h
configure:16632: result: yes
configure:16632: checking sys/prctl.h usability
configure:16632: gcc -c -g -O2 -Wall -Wmissing-prototypes -Wextra -DLT_BUILDING_DLL=1  conftest.c >&5
configure:16632: $? = 0
configure:16632: result: yes
configure:16632: checking sys/prctl.h presence
configure:16632: gcc -E  conftest.c
configure:16632: $? = 0
configure:16632: result: yes
configure:16632: checking for sys/prctl.h
configure:16632: result: yes
configure:16644: checking for pthread_create in -lpthread
configure:16669: gcc -o conftest -g -O2 -Wall -Wmissing-prototypes -Wextra -DLT_BUILDING_DLL=1   conftest.c -lpthread   >&5
configure:16669: $? = 0
configure:16678: result: yes
configure:16707: checking for BZ2_bzDecompressInit in -lbz2
configure:16732: gcc -o conftest -g -O2 -Wall -Wmissing-prototypes -Wextra -DLT_BUILDING_DLL=1   conftest.c -lbz2   >&5
configure:16732: $? = 0
configure:16741: result: yes
configure:16783: checking for deflate in -lz
configure:16808: gcc -o conftest -g -O2 -Wall -Wmissing-prototypes -Wextra -DLT_BUILDING_DLL=1   conftest.c -lz   >&5
configure:16808: $? = 0
configure:16817: result: yes
configure:16859: checking for lzo1x_1_compress in -llzo2
configure:16884: gcc -o conftest -g -O2 -Wall -Wmissing-prototypes -Wextra -DLT_BUILDING_DLL=1   conftest.c -llzo2   >&5
/usr/bin/ld: cannot find -llzo2
collect2: error: ld returned 1 exit status
configure:16884: $? = 1
configure: failed program was:
| /* confdefs.h */
| #define PACKAGE_NAME "wandio"
| #define PACKAGE_TARNAME "wandio"
| #define PACKAGE_VERSION "4.0.0"
| #define PACKAGE_STRING "wandio 4.0.0"
| #define PACKAGE_BUGREPORT "contact@wand.net.nz"
| #define PACKAGE_URL ""
| #define PACKAGE "wandio"
| #define VERSION "4.0.0"
| #define WANDIO_MAJOR ${WANDIO_MAJOR}
| #define WANDIO_MID ${WANDIO_MID}
| #define WANDIO_MINOR ${WANDIO_MINOR}
| #define STDC_HEADERS 1
| #define HAVE_SYS_TYPES_H 1
| #define HAVE_SYS_STAT_H 1
| #define HAVE_STDLIB_H 1
| #define HAVE_STRING_H 1
| #define HAVE_MEMORY_H 1
| #define HAVE_STRINGS_H 1
| #define HAVE_INTTYPES_H 1
| #define HAVE_STDINT_H 1
| #define HAVE_UNISTD_H 1
| #define HAVE_STDLIB_H 1
| #define HAVE_MALLOC 1
| #define HAVE_STDLIB_H 1
| #define HAVE_REALLOC 1
| #define TIME_WITH_SYS_TIME 1
| #define HAVE_VISIBILITY 1
| #define HAVE_ATTRIBUTE_PACKED 1
| #define HAVE_ATTRIBUTE_DEPRECATED 1
| #define HAVE_ATTRIBUTE_UNUSED 1
| #define HAVE_ATTRIBUTE_PURE 1
| #define HAVE_ATTRIBUTE_FORMAT 1
| #define HAVE_DLFCN_H 1
| #define LT_OBJDIR ".libs/"
| #define SIZEOF_LONG_INT 8
| #define STDC_HEADERS 1
| #define HAVE_STDDEF_H 1
| #define HAVE_INTTYPES_H 1
| #define HAVE_SYS_PRCTL_H 1
| #define HAVE_LIBPTHREAD 1
| #define HAVE_LIBBZ2 1
| #define HAVE_LIBZ 1
| /* end confdefs.h.  */
| 
| /* Override any GCC internal prototype to avoid an error.
|    Use char because int might match the return type of a GCC
|    builtin and then its argument prototype would still apply.  */
| #ifdef __cplusplus
| extern "C"
| #endif
| char lzo1x_1_compress ();
| int
| main ()
| {
| return lzo1x_1_compress ();
|   ;
|   return 0;
| }
configure:16893: result: no
configure:16935: checking lzma.h usability
configure:16935: gcc -c -g -O2 -Wall -Wmissing-prototypes -Wextra -DLT_BUILDING_DLL=1  conftest.c >&5
conftest.c:79:10: fatal error: lzma.h: No such file or directory
 #include <lzma.h>
          ^~~~~~~~
compilation terminated.
configure:16935: $? = 1
configure: failed program was:
| /* confdefs.h */
| #define PACKAGE_NAME "wandio"
| #define PACKAGE_TARNAME "wandio"
| #define PACKAGE_VERSION "4.0.0"
| #define PACKAGE_STRING "wandio 4.0.0"
| #define PACKAGE_BUGREPORT "contact@wand.net.nz"
| #define PACKAGE_URL ""
| #define PACKAGE "wandio"
| #define VERSION "4.0.0"
| #define WANDIO_MAJOR ${WANDIO_MAJOR}
| #define WANDIO_MID ${WANDIO_MID}
| #define WANDIO_MINOR ${WANDIO_MINOR}
| #define STDC_HEADERS 1
| #define HAVE_SYS_TYPES_H 1
| #define HAVE_SYS_STAT_H 1
| #define HAVE_STDLIB_H 1
| #define HAVE_STRING_H 1
| #define HAVE_MEMORY_H 1
| #define HAVE_STRINGS_H 1
| #define HAVE_INTTYPES_H 1
| #define HAVE_STDINT_H 1
| #define HAVE_UNISTD_H 1
| #define HAVE_STDLIB_H 1
| #define HAVE_MALLOC 1
| #define HAVE_STDLIB_H 1
| #define HAVE_REALLOC 1
| #define TIME_WITH_SYS_TIME 1
| #define HAVE_VISIBILITY 1
| #define HAVE_ATTRIBUTE_PACKED 1
| #define HAVE_ATTRIBUTE_DEPRECATED 1
| #define HAVE_ATTRIBUTE_UNUSED 1
| #define HAVE_ATTRIBUTE_PURE 1
| #define HAVE_ATTRIBUTE_FORMAT 1
| #define HAVE_DLFCN_H 1
| #define LT_OBJDIR ".libs/"
| #define SIZEOF_LONG_INT 8
| #define STDC_HEADERS 1
| #define HAVE_STDDEF_H 1
| #define HAVE_INTTYPES_H 1
| #define HAVE_SYS_PRCTL_H 1
| #define HAVE_LIBPTHREAD 1
| #define HAVE_LIBBZ2 1
| #define HAVE_LIBZ 1
| #define HAVE_LIBLZO2 0
| /* end confdefs.h.  */
| #include <stdio.h>
| #ifdef HAVE_SYS_TYPES_H
| # include <sys/types.h>
| #endif
| #ifdef HAVE_SYS_STAT_H
| # include <sys/stat.h>
| #endif
| #ifdef STDC_HEADERS
| # include <stdlib.h>
| # include <stddef.h>
| #else
| # ifdef HAVE_STDLIB_H
| #  include <stdlib.h>
| # endif
| #endif
| #ifdef HAVE_STRING_H
| # if !defined STDC_HEADERS && defined HAVE_MEMORY_H
| #  include <memory.h>
| # endif
| # include <string.h>
| #endif
| #ifdef HAVE_STRINGS_H
| # include <strings.h>
| #endif
| #ifdef HAVE_INTTYPES_H
| # include <inttypes.h>
| #endif
| #ifdef HAVE_STDINT_H
| # include <stdint.h>
| #endif
| #ifdef HAVE_UNISTD_H
| # include <unistd.h>
| #endif
| #include <lzma.h>
configure:16935: result: no
configure:16935: checking lzma.h presence
configure:16935: gcc -E  conftest.c
conftest.c:46:10: fatal error: lzma.h: No such file or directory
 #include <lzma.h>
          ^~~~~~~~
compilation terminated.
configure:16935: $? = 1
configure: failed program was:
| /* confdefs.h */
| #define PACKAGE_NAME "wandio"
| #define PACKAGE_TARNAME "wandio"
| #define PACKAGE_VERSION "4.0.0"
| #define PACKAGE_STRING "wandio 4.0.0"
| #define PACKAGE_BUGREPORT "contact@wand.net.nz"
| #define PACKAGE_URL ""
| #define PACKAGE "wandio"
| #define VERSION "4.0.0"
| #define WANDIO_MAJOR ${WANDIO_MAJOR}
| #define WANDIO_MID ${WANDIO_MID}
| #define WANDIO_MINOR ${WANDIO_MINOR}
| #define STDC_HEADERS 1
| #define HAVE_SYS_TYPES_H 1
| #define HAVE_SYS_STAT_H 1
| #define HAVE_STDLIB_H 1
| #define HAVE_STRING_H 1
| #define HAVE_MEMORY_H 1
| #define HAVE_STRINGS_H 1
| #define HAVE_INTTYPES_H 1
| #define HAVE_STDINT_H 1
| #define HAVE_UNISTD_H 1
| #define HAVE_STDLIB_H 1
| #define HAVE_MALLOC 1
| #define HAVE_STDLIB_H 1
| #define HAVE_REALLOC 1
| #define TIME_WITH_SYS_TIME 1
| #define HAVE_VISIBILITY 1
| #define HAVE_ATTRIBUTE_PACKED 1
| #define HAVE_ATTRIBUTE_DEPRECATED 1
| #define HAVE_ATTRIBUTE_UNUSED 1
| #define HAVE_ATTRIBUTE_PURE 1
| #define HAVE_ATTRIBUTE_FORMAT 1
| #define HAVE_DLFCN_H 1
| #define LT_OBJDIR ".libs/"
| #define SIZEOF_LONG_INT 8
| #define STDC_HEADERS 1
| #define HAVE_STDDEF_H 1
| #define HAVE_INTTYPES_H 1
| #define HAVE_SYS_PRCTL_H 1
| #define HAVE_LIBPTHREAD 1
| #define HAVE_LIBBZ2 1
| #define HAVE_LIBZ 1
| #define HAVE_LIBLZO2 0
| /* end confdefs.h.  */
| #include <lzma.h>
configure:16935: result: no
configure:16935: checking for lzma.h
configure:16935: result: no
configure:16977: checking for ZSTD_createDStream in -lzstd
configure:17002: gcc -o conftest -g -O2 -Wall -Wmissing-prototypes -Wextra -DLT_BUILDING_DLL=1   conftest.c -lzstd   >&5
/usr/bin/ld: cannot find -lzstd
collect2: error: ld returned 1 exit status
configure:17002: $? = 1
configure: failed program was:
| /* confdefs.h */
| #define PACKAGE_NAME "wandio"
| #define PACKAGE_TARNAME "wandio"
| #define PACKAGE_VERSION "4.0.0"
| #define PACKAGE_STRING "wandio 4.0.0"
| #define PACKAGE_BUGREPORT "contact@wand.net.nz"
| #define PACKAGE_URL ""
| #define PACKAGE "wandio"
| #define VERSION "4.0.0"
| #define WANDIO_MAJOR ${WANDIO_MAJOR}
| #define WANDIO_MID ${WANDIO_MID}
| #define WANDIO_MINOR ${WANDIO_MINOR}
| #define STDC_HEADERS 1
| #define HAVE_SYS_TYPES_H 1
| #define HAVE_SYS_STAT_H 1
| #define HAVE_STDLIB_H 1
| #define HAVE_STRING_H 1
| #define HAVE_MEMORY_H 1
| #define HAVE_STRINGS_H 1
| #define HAVE_INTTYPES_H 1
| #define HAVE_STDINT_H 1
| #define HAVE_UNISTD_H 1
| #define HAVE_STDLIB_H 1
| #define HAVE_MALLOC 1
| #define HAVE_STDLIB_H 1
| #define HAVE_REALLOC 1
| #define TIME_WITH_SYS_TIME 1
| #define HAVE_VISIBILITY 1
| #define HAVE_ATTRIBUTE_PACKED 1
| #define HAVE_ATTRIBUTE_DEPRECATED 1
| #define HAVE_ATTRIBUTE_UNUSED 1
| #define HAVE_ATTRIBUTE_PURE 1
| #define HAVE_ATTRIBUTE_FORMAT 1
| #define HAVE_DLFCN_H 1
| #define LT_OBJDIR ".libs/"
| #define SIZEOF_LONG_INT 8
| #define STDC_HEADERS 1
| #define HAVE_STDDEF_H 1
| #define HAVE_INTTYPES_H 1
| #define HAVE_SYS_PRCTL_H 1
| #define HAVE_LIBPTHREAD 1
| #define HAVE_LIBBZ2 1
| #define HAVE_LIBZ 1
| #define HAVE_LIBLZO2 0
| #define HAVE_LIBLZMA 0
| /* end confdefs.h.  */
| 
| /* Override any GCC internal prototype to avoid an error.
|    Use char because int might match the return type of a GCC
|    builtin and then its argument prototype would still apply.  */
| #ifdef __cplusplus
| extern "C"
| #endif
| char ZSTD_createDStream ();
| int
| main ()
| {
| return ZSTD_createDStream ();
|   ;
|   return 0;
| }
configure:17011: result: no
configure:17055: checking for curl_easy_pause in -lcurl
configure:17080: gcc -o conftest -g -O2 -Wall -Wmissing-prototypes -Wextra -DLT_BUILDING_DLL=1   conftest.c -lcurl   >&5
configure:17080: $? = 0
configure:17089: result: yes
configure:17346: creating ./config.status

## ---------------------- ##
## Running config.status. ##
## ---------------------- ##

This file was extended by wandio config.status 4.0.0, which was
generated by GNU Autoconf 2.69.  Invocation command line was

  CONFIG_FILES    = 
  CONFIG_HEADERS  = 
  CONFIG_LINKS    = 
  CONFIG_COMMANDS = 
  $ ./config.status 

on leandros-VirtualBox

config.status:1198: creating Makefile
config.status:1198: creating lib/Makefile
config.status:1198: creating tools/wandiocat/Makefile
config.status:1198: creating config.h
config.status:1379: config.h is unchanged
config.status:1427: executing depfiles commands
config.status:1427: executing libtool commands
configure:19854: WANDIO version 4.0.0
configure:19843: Compiled with compressed file (zlib) support: Yes
configure:19843: Compiled with compressed file (bz2) support: Yes
configure:19846: Compiled with compressed file (lzo write only) support: No
configure:19846: Compiled with compressed file (lzma) support: No
configure:19846: Compiled with compressed file (zstd) support: No
configure:19843: Compiled with http read (libcurl) support: Yes

## ---------------- ##
## Cache variables. ##
## ---------------- ##

ac_cv_build=x86_64-unknown-linux-gnu
ac_cv_c_bigendian=no
ac_cv_c_compiler_gnu=yes
ac_cv_c_const=yes
ac_cv_c_inline=inline
ac_cv_cxx_compiler_gnu=yes
ac_cv_env_CCC_set=
ac_cv_env_CCC_value=
ac_cv_env_CC_set=
ac_cv_env_CC_value=
ac_cv_env_CFLAGS_set=
ac_cv_env_CFLAGS_value=
ac_cv_env_CPPFLAGS_set=
ac_cv_env_CPPFLAGS_value=
ac_cv_env_CPP_set=
ac_cv_env_CPP_value=
ac_cv_env_CXXCPP_set=
ac_cv_env_CXXCPP_value=
ac_cv_env_CXXFLAGS_set=
ac_cv_env_CXXFLAGS_value=
ac_cv_env_CXX_set=
ac_cv_env_CXX_value=
ac_cv_env_LDFLAGS_set=
ac_cv_env_LDFLAGS_value=
ac_cv_env_LIBS_set=
ac_cv_env_LIBS_value=
ac_cv_env_build_alias_set=
ac_cv_env_build_alias_value=
ac_cv_env_host_alias_set=
ac_cv_env_host_alias_value=
ac_cv_env_target_alias_set=
ac_cv_env_target_alias_value=
ac_cv_func_malloc_0_nonnull=yes
ac_cv_func_realloc_0_nonnull=yes
ac_cv_header_dlfcn_h=yes
ac_cv_header_inttypes_h=yes
ac_cv_header_lzma_h=no
ac_cv_header_memory_h=yes
ac_cv_header_stdc=yes
ac_cv_header_stddef_h=yes
ac_cv_header_stdint_h=yes
ac_cv_header_stdlib_h=yes
ac_cv_header_string_h=yes
ac_cv_header_strings_h=yes
ac_cv_header_sys_prctl_h=yes
ac_cv_header_sys_stat_h=yes
ac_cv_header_sys_types_h=yes
ac_cv_header_time=yes
ac_cv_header_unistd_h=yes
ac_cv_host=x86_64-unknown-linux-gnu
ac_cv_lib_bz2_BZ2_bzDecompressInit=yes
ac_cv_lib_curl_curl_easy_pause=yes
ac_cv_lib_lzo2_lzo1x_1_compress=no
ac_cv_lib_pthread_pthread_create=yes
ac_cv_lib_z_deflate=yes
ac_cv_lib_zstd_ZSTD_createDStream=no
ac_cv_objext=o
ac_cv_path_EGREP='/bin/grep -E'
ac_cv_path_FGREP='/bin/grep -F'
ac_cv_path_GREP=/bin/grep
ac_cv_path_SED=/bin/sed
ac_cv_path_install='/usr/bin/install -c'
ac_cv_path_mkdir=/bin/mkdir
ac_cv_prog_AWK=mawk
ac_cv_prog_CPP='gcc -E'
ac_cv_prog_CXXCPP='g++ -E'
ac_cv_prog_ac_ct_AR=ar
ac_cv_prog_ac_ct_CC=gcc
ac_cv_prog_ac_ct_CXX=g++
ac_cv_prog_ac_ct_MANIFEST_TOOL=mt
ac_cv_prog_ac_ct_OBJDUMP=objdump
ac_cv_prog_ac_ct_RANLIB=ranlib
ac_cv_prog_ac_ct_STRIP=strip
ac_cv_prog_cc_c89=
ac_cv_prog_cc_g=yes
ac_cv_prog_cxx_g=yes
ac_cv_prog_gcc_traditional=no
ac_cv_prog_make_make_set=yes
ac_cv_sizeof_long_int=8
ac_cv_sys_file_offset_bits=no
ac_cv_sys_largefile_CC=no
ac_cv_type_size_t=yes
am_cv_CC_dependencies_compiler_type=gcc3
am_cv_CXX_dependencies_compiler_type=gcc3
am_cv_make_support_nested_variables=yes
gl_cv_cc_visibility=yes
lt_cv_ar_at_file=@
lt_cv_archive_cmds_need_lc=no
lt_cv_attribute_deprecated=yes
lt_cv_attribute_format=yes
lt_cv_attribute_packed=yes
lt_cv_attribute_pure=yes
lt_cv_attribute_unused=yes
lt_cv_deplibs_check_method=pass_all
lt_cv_file_magic_cmd='$MAGIC_CMD'
lt_cv_file_magic_test_file=
lt_cv_ld_reload_flag=-r
lt_cv_nm_interface='BSD nm'
lt_cv_objdir=.libs
lt_cv_path_LD=/usr/bin/ld
lt_cv_path_LDCXX='/usr/bin/ld -m elf_x86_64'
lt_cv_path_NM='/usr/bin/nm -B'
lt_cv_path_mainfest_tool=no
lt_cv_prog_compiler_c_o=yes
lt_cv_prog_compiler_c_o_CXX=yes
lt_cv_prog_compiler_pic='-fPIC -DPIC'
lt_cv_prog_compiler_pic_CXX='-fPIC -DPIC'
lt_cv_prog_compiler_pic_works=yes
lt_cv_prog_compiler_pic_works_CXX=yes
lt_cv_prog_compiler_rtti_exceptions=no
lt_cv_prog_compiler_static_works=yes
lt_cv_prog_compiler_static_works_CXX=yes
lt_cv_prog_gnu_ld=yes
lt_cv_prog_gnu_ldcxx=yes
lt_cv_sharedlib_from_linklib_cmd='printf %s\n'
lt_cv_shlibpath_overrides_runpath=yes
lt_cv_sys_global_symbol_pipe='sed -n -e '\''s/^.*[	 ]\([ABCDGIRSTW][ABCDGIRSTW]*\)[	 ][	 ]*\([_A-Za-z][_A-Za-z0-9]*\)$/\1 \2 \2/p'\'' | sed '\''/ __gnu_lto/d'\'''
lt_cv_sys_global_symbol_to_c_name_address='sed -n -e '\''s/^: \([^ ]*\)[ ]*$/  {\"\1\", (void *) 0},/p'\'' -e '\''s/^[ABCDGIRSTW]* \([^ ]*\) \([^ ]*\)$/  {"\2", (void *) \&\2},/p'\'''
lt_cv_sys_global_symbol_to_c_name_address_lib_prefix='sed -n -e '\''s/^: \([^ ]*\)[ ]*$/  {\"\1\", (void *) 0},/p'\'' -e '\''s/^[ABCDGIRSTW]* \([^ ]*\) \(lib[^ ]*\)$/  {"\2", (void *) \&\2},/p'\'' -e '\''s/^[ABCDGIRSTW]* \([^ ]*\) \([^ ]*\)$/  {"lib\2", (void *) \&\2},/p'\'''
lt_cv_sys_global_symbol_to_cdecl='sed -n -e '\''s/^T .* \(.*\)$/extern int \1();/p'\'' -e '\''s/^[ABCDGIRSTW]* .* \(.*\)$/extern char \1;/p'\'''
lt_cv_sys_max_cmd_len=1572864
lt_cv_to_host_file_cmd=func_convert_file_noop
lt_cv_to_tool_file_cmd=func_convert_file_noop
lt_cv_werror_flag=yes
rw_cv_prog_cxx_works=yes

## ----------------- ##
## Output variables. ##
## ----------------- ##

ACLOCAL='${SHELL} /home/leandros/Desktop/SCC300/src/wandio-4.0.0/missing --run aclocal-1.11'
ADD_INCLS=''
ADD_LDFLAGS=' -L$(abs_top_srcdir)/lib'
AMDEPBACKSLASH='\'
AMDEP_FALSE='#'
AMDEP_TRUE=''
AMTAR='$${TAR-tar}'
AM_BACKSLASH='\'
AM_DEFAULT_V='$(AM_DEFAULT_VERBOSITY)'
AM_DEFAULT_VERBOSITY='0'
AM_V='$(V)'
AR='ar'
AUTOCONF='${SHELL} /home/leandros/Desktop/SCC300/src/wandio-4.0.0/missing --run autoconf'
AUTOHEADER='${SHELL} /home/leandros/Desktop/SCC300/src/wandio-4.0.0/missing --run autoheader'
AUTOMAKE='${SHELL} /home/leandros/Desktop/SCC300/src/wandio-4.0.0/missing --run automake-1.11'
AWK='mawk'
CC='gcc'
CCDEPMODE='depmode=gcc3'
CFLAGS='-g -O2 -Wall -Wmissing-prototypes -Wextra -DLT_BUILDING_DLL=1'
CFLAG_VISIBILITY='-fvisibility=hidden'
CPP='gcc -E'
CPPFLAGS=''
CXX='g++'
CXXCPP='g++ -E'
CXXDEPMODE='depmode=gcc3'
CXXFLAGS='-g -O2 -Wall -DLT_BUILDING_DLL=1'
CYGPATH_W='echo'
DEFS='-DHAVE_CONFIG_H'
DEPDIR='.deps'
DLLTOOL='false'
DSYMUTIL=''
DUMPBIN=''
ECHO_C=''
ECHO_N='-n'
ECHO_T=''
EGREP='/bin/grep -E'
EXEEXT=''
FGREP='/bin/grep -F'
GREP='/bin/grep'
HAVE_ATTRIBUTE_DEPRECATED='1'
HAVE_ATTRIBUTE_FORMAT='1'
HAVE_ATTRIBUTE_PACKED='1'
HAVE_ATTRIBUTE_PURE='1'
HAVE_ATTRIBUTE_UNUSED='1'
HAVE_BZLIB_FALSE='#'
HAVE_BZLIB_TRUE=''
HAVE_HTTP_FALSE='#'
HAVE_HTTP_TRUE=''
HAVE_LZMA_FALSE=''
HAVE_LZMA_TRUE='#'
HAVE_LZO_FALSE=''
HAVE_LZO_TRUE='#'
HAVE_VISIBILITY='1'
HAVE_ZLIB_FALSE='#'
HAVE_ZLIB_TRUE=''
HAVE_ZSTD_FALSE=''
HAVE_ZSTD_TRUE='#'
INSTALL_DATA='${INSTALL} -m 644'
INSTALL_PROGRAM='${INSTALL}'
INSTALL_SCRIPT='${INSTALL}'
INSTALL_STRIP_PROGRAM='$(install_sh) -c -s'
LD='/usr/bin/ld -m elf_x86_64'
LDFLAGS=''
LIBCFLAGS=''
LIBCXXFLAGS=''
LIBOBJS=''
LIBS=''
LIBTOOL='$(SHELL) $(top_builddir)/libtool'
LIBWANDIO_LIBS=' -lpthread -lbz2 -lz -lcurl'
LIPO=''
LN_S='ln -s'
LTLIBOBJS=''
MAKEINFO='${SHELL} /home/leandros/Desktop/SCC300/src/wandio-4.0.0/missing --run makeinfo'
MANIFEST_TOOL=':'
MKDIR_P='/bin/mkdir -p'
NM='/usr/bin/nm -B'
NMEDIT=''
OBJDUMP='objdump'
OBJEXT='o'
OTOOL64=''
OTOOL=''
PACKAGE='wandio'
PACKAGE_BUGREPORT='contact@wand.net.nz'
PACKAGE_NAME='wandio'
PACKAGE_STRING='wandio 4.0.0'
PACKAGE_TARNAME='wandio'
PACKAGE_URL=''
PACKAGE_VERSION='4.0.0'
PATH_SEPARATOR=':'
RANLIB='ranlib'
SED='/bin/sed'
SET_MAKE=''
SHELL='/bin/bash'
STRIP='strip'
VERSION='4.0.0'
WANDIO_MAJOR='4'
WANDIO_MID='0'
WANDIO_MINOR='0'
ac_ct_AR='ar'
ac_ct_CC='gcc'
ac_ct_CXX='g++'
ac_ct_DUMPBIN=''
am__EXEEXT_FALSE=''
am__EXEEXT_TRUE='#'
am__fastdepCC_FALSE='#'
am__fastdepCC_TRUE=''
am__fastdepCXX_FALSE='#'
am__fastdepCXX_TRUE=''
am__include='include'
am__isrc=''
am__leading_dot='.'
am__nodep='_no'
am__quote=''
am__tar='$${TAR-tar} chof - "$$tardir"'
am__untar='$${TAR-tar} xf -'
bindir='${exec_prefix}/bin'
build='x86_64-unknown-linux-gnu'
build_alias=''
build_cpu='x86_64'
build_os='linux-gnu'
build_vendor='unknown'
datadir='${datarootdir}'
datarootdir='${prefix}/share'
docdir='${datarootdir}/doc/${PACKAGE_TARNAME}'
dvidir='${docdir}'
exec_prefix='${prefix}'
host='x86_64-unknown-linux-gnu'
host_alias=''
host_cpu='x86_64'
host_os='linux-gnu'
host_vendor='unknown'
htmldir='${docdir}'
includedir='${prefix}/include'
infodir='${datarootdir}/info'
install_sh='${SHELL} /home/leandros/Desktop/SCC300/src/wandio-4.0.0/install-sh'
libdir='${exec_prefix}/lib'
libexecdir='${exec_prefix}/libexec'
localedir='${datarootdir}/locale'
localstatedir='${prefix}/var'
mandir='${datarootdir}/man'
mkdir_p='/bin/mkdir -p'
oldincludedir='/usr/include'
pdfdir='${docdir}'
prefix='/usr/local'
program_transform_name='s,x,x,'
psdir='${docdir}'
sbindir='${exec_prefix}/sbin'
sharedstatedir='${prefix}/com'
sysconfdir='${prefix}/etc'
target_alias=''

## ----------- ##
## confdefs.h. ##
## ----------- ##

/* confdefs.h */
#define PACKAGE_NAME "wandio"
#define PACKAGE_TARNAME "wandio"
#define PACKAGE_VERSION "4.0.0"
#define PACKAGE_STRING "wandio 4.0.0"
#define PACKAGE_BUGREPORT "contact@wand.net.nz"
#define PACKAGE_URL ""
#define PACKAGE "wandio"
#define VERSION "4.0.0"
#define WANDIO_MAJOR ${WANDIO_MAJOR}
#define WANDIO_MID ${WANDIO_MID}
#define WANDIO_MINOR ${WANDIO_MINOR}
#define STDC_HEADERS 1
#define HAVE_SYS_TYPES_H 1
#define HAVE_SYS_STAT_H 1
#define HAVE_STDLIB_H 1
#define HAVE_STRING_H 1
#define HAVE_MEMORY_H 1
#define HAVE_STRINGS_H 1
#define HAVE_INTTYPES_H 1
#define HAVE_STDINT_H 1
#define HAVE_UNISTD_H 1
#define HAVE_STDLIB_H 1
#define HAVE_MALLOC 1
#define HAVE_STDLIB_H 1
#define HAVE_REALLOC 1
#define TIME_WITH_SYS_TIME 1
#define HAVE_VISIBILITY 1
#define HAVE_ATTRIBUTE_PACKED 1
#define HAVE_ATTRIBUTE_DEPRECATED 1
#define HAVE_ATTRIBUTE_UNUSED 1
#define HAVE_ATTRIBUTE_PURE 1
#define HAVE_ATTRIBUTE_FORMAT 1
#define HAVE_DLFCN_H 1
#define LT_OBJDIR ".libs/"
#define SIZEOF_LONG_INT 8
#define STDC_HEADERS 1
#define HAVE_STDDEF_H 1
#define HAVE_INTTYPES_H 1
#define HAVE_SYS_PRCTL_H 1
#define HAVE_LIBPTHREAD 1
#define HAVE_LIBBZ2 1
#define HAVE_LIBZ 1
#define HAVE_LIBLZO2 0
#define HAVE_LIBLZMA 0
#define HAVE_LIBZSTD 0
#define HAVE_HTTP 1

configure: exit 0
