This file contains any messages produced by compilers while
running configure, to aid debugging if configure makes a mistake.

It was created by bgpstream configure 1.2.1, which was
generated by GNU Autoconf 2.69.  Invocation command line was

  $ ./configure 

## --------- ##
## Platform. ##
## --------- ##

hostname = leandros-VirtualBox
uname -m = x86_64
uname -r = 4.15.0-38-generic
uname -s = Linux
uname -v = #41-Ubuntu SMP Wed Oct 10 10:59:38 UTC 2018

/usr/bin/uname -p = unknown
/bin/uname -X     = unknown

/bin/arch              = unknown
/usr/bin/arch -k       = unknown
/usr/convex/getsysinfo = unknown
/usr/bin/hostinfo      = unknown
/bin/machine           = unknown
/usr/bin/oslevel       = unknown
/bin/universe          = unknown

PATH: /usr/local/sbin
PATH: /usr/local/bin
PATH: /usr/sbin
PATH: /usr/bin
PATH: /sbin
PATH: /bin
PATH: /usr/games
PATH: /usr/local/games
PATH: /snap/bin


## ----------- ##
## Core tests. ##
## ----------- ##

configure:2644: checking build system type
configure:2658: result: x86_64-pc-linux-gnu
configure:2678: checking host system type
configure:2691: result: x86_64-pc-linux-gnu
configure:2732: checking how to print strings
configure:2759: result: printf
configure:2831: checking for gcc
configure:2847: found /usr/bin/gcc
configure:2858: result: gcc
configure:3087: checking for C compiler version
configure:3096: gcc --version >&5
gcc (Ubuntu 7.3.0-27ubuntu1~18.04) 7.3.0
Copyright (C) 2017 Free Software Foundation, Inc.
This is free software; see the source for copying conditions.  There is NO
warranty; not even for MERCHANTABILITY or FITNESS FOR A PARTICULAR PURPOSE.

configure:3107: $? = 0
configure:3096: gcc -v >&5
Using built-in specs.
COLLECT_GCC=gcc
COLLECT_LTO_WRAPPER=/usr/lib/gcc/x86_64-linux-gnu/7/lto-wrapper
OFFLOAD_TARGET_NAMES=nvptx-none
OFFLOAD_TARGET_DEFAULT=1
Target: x86_64-linux-gnu
Configured with: ../src/configure -v --with-pkgversion='Ubuntu 7.3.0-27ubuntu1~18.04' --with-bugurl=file:///usr/share/doc/gcc-7/README.Bugs --enable-languages=c,ada,c++,go,brig,d,fortran,objc,obj-c++ --prefix=/usr --with-gcc-major-version-only --program-suffix=-7 --program-prefix=x86_64-linux-gnu- --enable-shared --enable-linker-build-id --libexecdir=/usr/lib --without-included-gettext --enable-threads=posix --libdir=/usr/lib --enable-nls --with-sysroot=/ --enable-clocale=gnu --enable-libstdcxx-debug --enable-libstdcxx-time=yes --with-default-libstdcxx-abi=new --enable-gnu-unique-object --disable-vtable-verify --enable-libmpx --enable-plugin --enable-default-pie --with-system-zlib --with-target-system-zlib --enable-objc-gc=auto --enable-multiarch --disable-werror --with-arch-32=i686 --with-abi=m64 --with-multilib-list=m32,m64,mx32 --enable-multilib --with-tune=generic --enable-offload-targets=nvptx-none --without-cuda-driver --enable-checking=release --build=x86_64-linux-gnu --host=x86_64-linux-gnu --target=x86_64-linux-gnu
Thread model: posix
gcc version 7.3.0 (Ubuntu 7.3.0-27ubuntu1~18.04) 
configure:3107: $? = 0
configure:3096: gcc -V >&5
gcc: error: unrecognized command line option '-V'
gcc: fatal error: no input files
compilation terminated.
configure:3107: $? = 1
configure:3096: gcc -qversion >&5
gcc: error: unrecognized command line option '-qversion'; did you mean '--version'?
gcc: fatal error: no input files
compilation terminated.
configure:3107: $? = 1
configure:3127: checking whether the C compiler works
configure:3149: gcc    conftest.c  >&5
configure:3153: $? = 0
configure:3201: result: yes
configure:3204: checking for C compiler default output file name
configure:3206: result: a.out
configure:3212: checking for suffix of executables
configure:3219: gcc -o conftest    conftest.c  >&5
configure:3223: $? = 0
configure:3245: result: 
configure:3267: checking whether we are cross compiling
configure:3275: gcc -o conftest    conftest.c  >&5
configure:3279: $? = 0
configure:3286: ./conftest
configure:3290: $? = 0
configure:3305: result: no
configure:3310: checking for suffix of object files
configure:3332: gcc -c   conftest.c >&5
configure:3336: $? = 0
configure:3357: result: o
configure:3361: checking whether we are using the GNU C compiler
configure:3380: gcc -c   conftest.c >&5
configure:3380: $? = 0
configure:3389: result: yes
configure:3398: checking whether gcc accepts -g
configure:3418: gcc -c -g  conftest.c >&5
configure:3418: $? = 0
configure:3459: result: yes
configure:3476: checking for gcc option to accept ISO C89
configure:3539: gcc  -c -g -O2  conftest.c >&5
configure:3539: $? = 0
configure:3552: result: none needed
configure:3577: checking whether gcc understands -c and -o together
configure:3599: gcc -c conftest.c -o conftest2.o
configure:3602: $? = 0
configure:3599: gcc -c conftest.c -o conftest2.o
configure:3602: $? = 0
configure:3614: result: yes
configure:3631: checking for a sed that does not truncate output
configure:3695: result: /bin/sed
configure:3713: checking for grep that handles long lines and -e
configure:3771: result: /bin/grep
configure:3776: checking for egrep
configure:3838: result: /bin/grep -E
configure:3843: checking for fgrep
configure:3905: result: /bin/grep -F
configure:3940: checking for ld used by gcc
configure:4007: result: /usr/bin/ld
configure:4014: checking if the linker (/usr/bin/ld) is GNU ld
configure:4029: result: yes
configure:4041: checking for BSD- or MS-compatible name lister (nm)
configure:4095: result: /usr/bin/nm -B
configure:4225: checking the name lister (/usr/bin/nm -B) interface
configure:4232: gcc -c -g -O2  conftest.c >&5
configure:4235: /usr/bin/nm -B "conftest.o"
configure:4238: output
0000000000000000 B some_variable
configure:4245: result: BSD nm
configure:4248: checking whether ln -s works
configure:4252: result: yes
configure:4260: checking the maximum length of command line arguments
configure:4391: result: 1572864
configure:4439: checking how to convert x86_64-pc-linux-gnu file names to x86_64-pc-linux-gnu format
configure:4479: result: func_convert_file_noop
configure:4486: checking how to convert x86_64-pc-linux-gnu file names to toolchain format
configure:4506: result: func_convert_file_noop
configure:4513: checking for /usr/bin/ld option to reload object files
configure:4520: result: -r
configure:4594: checking for objdump
configure:4610: found /usr/bin/objdump
configure:4621: result: objdump
configure:4653: checking how to recognize dependent libraries
configure:4853: result: pass_all
configure:4938: checking for dlltool
configure:4968: result: no
configure:4998: checking how to associate runtime and link libraries
configure:5025: result: printf %s\n
configure:5086: checking for ar
configure:5102: found /usr/bin/ar
configure:5113: result: ar
configure:5150: checking for archiver @FILE support
configure:5167: gcc -c -g -O2  conftest.c >&5
configure:5167: $? = 0
configure:5170: ar cru libconftest.a @conftest.lst >&5
ar: `u' modifier ignored since `D' is the default (see `U')
configure:5173: $? = 0
configure:5178: ar cru libconftest.a @conftest.lst >&5
ar: `u' modifier ignored since `D' is the default (see `U')
ar: conftest.o: No such file or directory
configure:5181: $? = 1
configure:5193: result: @
configure:5251: checking for strip
configure:5267: found /usr/bin/strip
configure:5278: result: strip
configure:5350: checking for ranlib
configure:5366: found /usr/bin/ranlib
configure:5377: result: ranlib
configure:5454: checking for gawk
configure:5484: result: no
configure:5454: checking for mawk
configure:5470: found /usr/bin/mawk
configure:5481: result: mawk
configure:5521: checking command to parse /usr/bin/nm -B output from gcc object
configure:5674: gcc -c -g -O2  conftest.c >&5
configure:5677: $? = 0
configure:5681: /usr/bin/nm -B conftest.o \| sed -n -e 's/^.*[ ]\([ABCDGIRSTW][ABCDGIRSTW]*\)[ ][ ]*\([_A-Za-z][_A-Za-z0-9]*\)$/\1 \2 \2/p' | sed '/ __gnu_lto/d' \> conftest.nm
configure:5684: $? = 0
configure:5750: gcc -o conftest -g -O2   conftest.c conftstm.o >&5
configure:5753: $? = 0
configure:5791: result: ok
configure:5838: checking for sysroot
configure:5868: result: no
configure:5875: checking for a working dd
configure:5913: result: /bin/dd
configure:5917: checking how to truncate binary pipes
configure:5932: result: /bin/dd bs=4096 count=1
configure:6068: gcc -c -g -O2  conftest.c >&5
configure:6071: $? = 0
configure:6261: checking for mt
configure:6277: found /bin/mt
configure:6288: result: mt
configure:6311: checking if mt is a manifest tool
configure:6317: mt '-?'
configure:6325: result: no
configure:7002: checking how to run the C preprocessor
configure:7033: gcc -E  conftest.c
configure:7033: $? = 0
configure:7047: gcc -E  conftest.c
conftest.c:15:10: fatal error: ac_nonexistent.h: No such file or directory
 #include <ac_nonexistent.h>
          ^~~~~~~~~~~~~~~~~~
compilation terminated.
configure:7047: $? = 1
configure: failed program was:
| /* confdefs.h */
| #define PACKAGE_NAME "bgpstream"
| #define PACKAGE_TARNAME "bgpstream"
| #define PACKAGE_VERSION "1.2.1"
| #define PACKAGE_STRING "bgpstream 1.2.1"
| #define PACKAGE_BUGREPORT "bgpstream-info@caida.org"
| #define PACKAGE_URL ""
| #define BGPSTREAM_MAJOR_VERSION 1
| #define BGPSTREAM_MID_VERSION 2
| #define BGPSTREAM_MINOR_VERSION 1
| #define LIBBGPSTREAM_MAJOR_VERSION 2
| #define LIBBGPSTREAM_MID_VERSION 0
| #define LIBBGPSTREAM_MINOR_VERSION 0
| /* end confdefs.h.  */
| #include <ac_nonexistent.h>
configure:7072: result: gcc -E
configure:7092: gcc -E  conftest.c
configure:7092: $? = 0
configure:7106: gcc -E  conftest.c
conftest.c:15:10: fatal error: ac_nonexistent.h: No such file or directory
 #include <ac_nonexistent.h>
          ^~~~~~~~~~~~~~~~~~
compilation terminated.
configure:7106: $? = 1
configure: failed program was:
| /* confdefs.h */
| #define PACKAGE_NAME "bgpstream"
| #define PACKAGE_TARNAME "bgpstream"
| #define PACKAGE_VERSION "1.2.1"
| #define PACKAGE_STRING "bgpstream 1.2.1"
| #define PACKAGE_BUGREPORT "bgpstream-info@caida.org"
| #define PACKAGE_URL ""
| #define BGPSTREAM_MAJOR_VERSION 1
| #define BGPSTREAM_MID_VERSION 2
| #define BGPSTREAM_MINOR_VERSION 1
| #define LIBBGPSTREAM_MAJOR_VERSION 2
| #define LIBBGPSTREAM_MID_VERSION 0
| #define LIBBGPSTREAM_MINOR_VERSION 0
| /* end confdefs.h.  */
| #include <ac_nonexistent.h>
configure:7135: checking for ANSI C header files
configure:7155: gcc -c -g -O2  conftest.c >&5
configure:7155: $? = 0
configure:7228: gcc -o conftest -g -O2   conftest.c  >&5
configure:7228: $? = 0
configure:7228: ./conftest
configure:7228: $? = 0
configure:7239: result: yes
configure:7252: checking for sys/types.h
configure:7252: gcc -c -g -O2  conftest.c >&5
configure:7252: $? = 0
configure:7252: result: yes
configure:7252: checking for sys/stat.h
configure:7252: gcc -c -g -O2  conftest.c >&5
configure:7252: $? = 0
configure:7252: result: yes
configure:7252: checking for stdlib.h
configure:7252: gcc -c -g -O2  conftest.c >&5
configure:7252: $? = 0
configure:7252: result: yes
configure:7252: checking for string.h
configure:7252: gcc -c -g -O2  conftest.c >&5
configure:7252: $? = 0
configure:7252: result: yes
configure:7252: checking for memory.h
configure:7252: gcc -c -g -O2  conftest.c >&5
configure:7252: $? = 0
configure:7252: result: yes
configure:7252: checking for strings.h
configure:7252: gcc -c -g -O2  conftest.c >&5
configure:7252: $? = 0
configure:7252: result: yes
configure:7252: checking for inttypes.h
configure:7252: gcc -c -g -O2  conftest.c >&5
configure:7252: $? = 0
configure:7252: result: yes
configure:7252: checking for stdint.h
configure:7252: gcc -c -g -O2  conftest.c >&5
configure:7252: $? = 0
configure:7252: result: yes
configure:7252: checking for unistd.h
configure:7252: gcc -c -g -O2  conftest.c >&5
configure:7252: $? = 0
configure:7252: result: yes
configure:7266: checking for dlfcn.h
configure:7266: gcc -c -g -O2  conftest.c >&5
configure:7266: $? = 0
configure:7266: result: yes
configure:7522: checking for objdir
configure:7537: result: .libs
configure:7801: checking if gcc supports -fno-rtti -fno-exceptions
configure:7819: gcc -c -g -O2  -fno-rtti -fno-exceptions conftest.c >&5
cc1: warning: command line option '-fno-rtti' is valid for C++/ObjC++ but not for C
configure:7823: $? = 0
configure:7836: result: no
configure:8194: checking for gcc option to produce PIC
configure:8201: result: -fPIC -DPIC
configure:8209: checking if gcc PIC flag -fPIC -DPIC works
configure:8227: gcc -c -g -O2  -fPIC -DPIC -DPIC conftest.c >&5
configure:8231: $? = 0
configure:8244: result: yes
configure:8273: checking if gcc static flag -static works
configure:8301: result: yes
configure:8316: checking if gcc supports -c -o file.o
configure:8337: gcc -c -g -O2  -o out/conftest2.o conftest.c >&5
configure:8341: $? = 0
configure:8363: result: yes
configure:8371: checking if gcc supports -c -o file.o
configure:8418: result: yes
configure:8451: checking whether the gcc linker (/usr/bin/ld -m elf_x86_64) supports shared libraries
configure:9710: result: yes
configure:9747: checking whether -lc should be explicitly linked in
configure:9755: gcc -c -g -O2  conftest.c >&5
configure:9758: $? = 0
configure:9773: gcc -shared  -fPIC -DPIC conftest.o  -v -Wl,-soname -Wl,conftest -o conftest 2\>\&1 \| /bin/grep  -lc  \>/dev/null 2\>\&1
configure:9776: $? = 0
configure:9790: result: no
configure:9950: checking dynamic linker characteristics
configure:10531: gcc -o conftest -g -O2   -Wl,-rpath -Wl,/foo conftest.c  >&5
configure:10531: $? = 0
configure:10768: result: GNU/Linux ld.so
configure:10890: checking how to hardcode library paths into programs
configure:10915: result: immediate
configure:11463: checking whether stripping libraries is possible
configure:11468: result: yes
configure:11503: checking if libtool supports shared libraries
configure:11505: result: yes
configure:11508: checking whether to build shared libraries
configure:11533: result: yes
configure:11536: checking whether to build static libraries
configure:11540: result: yes
configure:11590: checking whether to use rpath
configure:11599: result: yes
configure:11624: checking for a BSD-compatible install
configure:11692: result: /usr/bin/install -c
configure:11703: checking whether build environment is sane
configure:11758: result: yes
configure:11906: checking for a thread-safe mkdir -p
configure:11945: result: /bin/mkdir -p
configure:11948: checking whether make sets $(MAKE)
configure:11970: result: yes
configure:11992: checking whether make supports the include directive
configure:12007: make -f confmf.GNU && cat confinc.out
this is the am__doit target
configure:12010: $? = 0
configure:12029: result: yes (GNU style)
configure:12062: checking whether make supports nested variables
configure:12079: result: yes
configure:12164: checking dependency style of gcc
configure:12275: result: gcc3
configure:12400: checking for g++
configure:12416: found /usr/bin/g++
configure:12427: result: g++
configure:12454: checking for C++ compiler version
configure:12463: g++ --version >&5
g++ (Ubuntu 7.3.0-27ubuntu1~18.04) 7.3.0
Copyright (C) 2017 Free Software Foundation, Inc.
This is free software; see the source for copying conditions.  There is NO
warranty; not even for MERCHANTABILITY or FITNESS FOR A PARTICULAR PURPOSE.

configure:12474: $? = 0
configure:12463: g++ -v >&5
Using built-in specs.
COLLECT_GCC=g++
COLLECT_LTO_WRAPPER=/usr/lib/gcc/x86_64-linux-gnu/7/lto-wrapper
OFFLOAD_TARGET_NAMES=nvptx-none
OFFLOAD_TARGET_DEFAULT=1
Target: x86_64-linux-gnu
Configured with: ../src/configure -v --with-pkgversion='Ubuntu 7.3.0-27ubuntu1~18.04' --with-bugurl=file:///usr/share/doc/gcc-7/README.Bugs --enable-languages=c,ada,c++,go,brig,d,fortran,objc,obj-c++ --prefix=/usr --with-gcc-major-version-only --program-suffix=-7 --program-prefix=x86_64-linux-gnu- --enable-shared --enable-linker-build-id --libexecdir=/usr/lib --without-included-gettext --enable-threads=posix --libdir=/usr/lib --enable-nls --with-sysroot=/ --enable-clocale=gnu --enable-libstdcxx-debug --enable-libstdcxx-time=yes --with-default-libstdcxx-abi=new --enable-gnu-unique-object --disable-vtable-verify --enable-libmpx --enable-plugin --enable-default-pie --with-system-zlib --with-target-system-zlib --enable-objc-gc=auto --enable-multiarch --disable-werror --with-arch-32=i686 --with-abi=m64 --with-multilib-list=m32,m64,mx32 --enable-multilib --with-tune=generic --enable-offload-targets=nvptx-none --without-cuda-driver --enable-checking=release --build=x86_64-linux-gnu --host=x86_64-linux-gnu --target=x86_64-linux-gnu
Thread model: posix
gcc version 7.3.0 (Ubuntu 7.3.0-27ubuntu1~18.04) 
configure:12474: $? = 0
configure:12463: g++ -V >&5
g++: error: unrecognized command line option '-V'
g++: fatal error: no input files
compilation terminated.
configure:12474: $? = 1
configure:12463: g++ -qversion >&5
g++: error: unrecognized command line option '-qversion'; did you mean '--version'?
g++: fatal error: no input files
compilation terminated.
configure:12474: $? = 1
configure:12478: checking whether we are using the GNU C++ compiler
configure:12497: g++ -c   conftest.cpp >&5
configure:12497: $? = 0
configure:12506: result: yes
configure:12515: checking whether g++ accepts -g
configure:12535: g++ -c -g  conftest.cpp >&5
configure:12535: $? = 0
configure:12576: result: yes
configure:12617: checking how to run the C++ preprocessor
configure:12644: g++ -E  conftest.cpp
configure:12644: $? = 0
configure:12658: g++ -E  conftest.cpp
conftest.cpp:29:10: fatal error: ac_nonexistent.h: No such file or directory
 #include <ac_nonexistent.h>
          ^~~~~~~~~~~~~~~~~~
compilation terminated.
configure:12658: $? = 1
configure: failed program was:
| /* confdefs.h */
| #define PACKAGE_NAME "bgpstream"
| #define PACKAGE_TARNAME "bgpstream"
| #define PACKAGE_VERSION "1.2.1"
| #define PACKAGE_STRING "bgpstream 1.2.1"
| #define PACKAGE_BUGREPORT "bgpstream-info@caida.org"
| #define PACKAGE_URL ""
| #define BGPSTREAM_MAJOR_VERSION 1
| #define BGPSTREAM_MID_VERSION 2
| #define BGPSTREAM_MINOR_VERSION 1
| #define LIBBGPSTREAM_MAJOR_VERSION 2
| #define LIBBGPSTREAM_MID_VERSION 0
| #define LIBBGPSTREAM_MINOR_VERSION 0
| #define STDC_HEADERS 1
| #define HAVE_SYS_TYPES_H 1
| #define HAVE_SYS_STAT_H 1
| #define HAVE_STDLIB_H 1
| #define HAVE_STRING_H 1
| #define HAVE_MEMORY_H 1
| #define HAVE_STRINGS_H 1
| #define HAVE_INTTYPES_H 1
| #define HAVE_STDINT_H 1
| #define HAVE_UNISTD_H 1
| #define HAVE_DLFCN_H 1
| #define LT_OBJDIR ".libs/"
| #define PACKAGE "bgpstream"
| #define VERSION "1.2.1"
| /* end confdefs.h.  */
| #include <ac_nonexistent.h>
configure:12683: result: g++ -E
configure:12703: g++ -E  conftest.cpp
configure:12703: $? = 0
configure:12717: g++ -E  conftest.cpp
conftest.cpp:29:10: fatal error: ac_nonexistent.h: No such file or directory
 #include <ac_nonexistent.h>
          ^~~~~~~~~~~~~~~~~~
compilation terminated.
configure:12717: $? = 1
configure: failed program was:
| /* confdefs.h */
| #define PACKAGE_NAME "bgpstream"
| #define PACKAGE_TARNAME "bgpstream"
| #define PACKAGE_VERSION "1.2.1"
| #define PACKAGE_STRING "bgpstream 1.2.1"
| #define PACKAGE_BUGREPORT "bgpstream-info@caida.org"
| #define PACKAGE_URL ""
| #define BGPSTREAM_MAJOR_VERSION 1
| #define BGPSTREAM_MID_VERSION 2
| #define BGPSTREAM_MINOR_VERSION 1
| #define LIBBGPSTREAM_MAJOR_VERSION 2
| #define LIBBGPSTREAM_MID_VERSION 0
| #define LIBBGPSTREAM_MINOR_VERSION 0
| #define STDC_HEADERS 1
| #define HAVE_SYS_TYPES_H 1
| #define HAVE_SYS_STAT_H 1
| #define HAVE_STDLIB_H 1
| #define HAVE_STRING_H 1
| #define HAVE_MEMORY_H 1
| #define HAVE_STRINGS_H 1
| #define HAVE_INTTYPES_H 1
| #define HAVE_STDINT_H 1
| #define HAVE_UNISTD_H 1
| #define HAVE_DLFCN_H 1
| #define LT_OBJDIR ".libs/"
| #define PACKAGE "bgpstream"
| #define VERSION "1.2.1"
| /* end confdefs.h.  */
| #include <ac_nonexistent.h>
configure:12879: checking for ld used by g++
configure:12946: result: /usr/bin/ld -m elf_x86_64
configure:12953: checking if the linker (/usr/bin/ld -m elf_x86_64) is GNU ld
configure:12968: result: yes
configure:13023: checking whether the g++ linker (/usr/bin/ld -m elf_x86_64) supports shared libraries
configure:14096: result: yes
configure:14132: g++ -c -g -O2  conftest.cpp >&5
configure:14135: $? = 0
configure:14616: checking for g++ option to produce PIC
configure:14623: result: -fPIC -DPIC
configure:14631: checking if g++ PIC flag -fPIC -DPIC works
configure:14649: g++ -c -g -O2  -fPIC -DPIC -DPIC conftest.cpp >&5
configure:14653: $? = 0
configure:14666: result: yes
configure:14689: checking if g++ static flag -static works
configure:14717: result: yes
configure:14729: checking if g++ supports -c -o file.o
configure:14750: g++ -c -g -O2  -o out/conftest2.o conftest.cpp >&5
configure:14754: $? = 0
configure:14776: result: yes
configure:14781: checking if g++ supports -c -o file.o
configure:14828: result: yes
configure:14858: checking whether the g++ linker (/usr/bin/ld -m elf_x86_64) supports shared libraries
configure:14898: result: yes
configure:15039: checking dynamic linker characteristics
configure:15784: result: GNU/Linux ld.so
configure:15849: checking how to hardcode library paths into programs
configure:15874: result: immediate
configure:15916: checking dependency style of g++
configure:16027: result: gcc3
configure:16043: checking for gcc option to accept ISO C99
configure:16192: gcc  -c -g -O2  conftest.c >&5
configure:16192: $? = 0
configure:16205: result: none needed
configure:16228: checking for special C compiler options needed for large files
configure:16273: result: no
configure:16279: checking for _FILE_OFFSET_BITS value needed for large files
configure:16304: gcc -c -g -O2  conftest.c >&5
configure:16304: $? = 0
configure:16336: result: no
configure:16427: checking for gettimeofday
configure:16427: gcc -o conftest -g -O2   conftest.c  >&5
configure:16427: $? = 0
configure:16427: result: yes
configure:16427: checking for memset
configure:16427: gcc -o conftest -g -O2   conftest.c  >&5
conftest.c:53:6: warning: conflicting types for built-in function 'memset' [-Wbuiltin-declaration-mismatch]
 char memset ();
      ^~~~~~
configure:16427: $? = 0
configure:16427: result: yes
configure:16427: checking for strdup
configure:16427: gcc -o conftest -g -O2   conftest.c  >&5
conftest.c:54:6: warning: conflicting types for built-in function 'strdup' [-Wbuiltin-declaration-mismatch]
 char strdup ();
      ^~~~~~
configure:16427: $? = 0
configure:16427: result: yes
configure:16427: checking for strstr
configure:16427: gcc -o conftest -g -O2   conftest.c  >&5
conftest.c:55:6: warning: conflicting types for built-in function 'strstr' [-Wbuiltin-declaration-mismatch]
 char strstr ();
      ^~~~~~
configure:16427: $? = 0
configure:16427: result: yes
configure:16427: checking for strsep
configure:16427: gcc -o conftest -g -O2   conftest.c  >&5
configure:16427: $? = 0
configure:16427: result: yes
configure:16427: checking for strlcpy
configure:16427: gcc -o conftest -g -O2   conftest.c  >&5
/tmp/cco91yZk.o: In function `main':
/home/leandros/Desktop/SCC300/src/bgpstream-1.2.1/conftest.c:68: undefined reference to `strlcpy'
collect2: error: ld returned 1 exit status
configure:16427: $? = 1
configure: failed program was:
| /* confdefs.h */
| #define PACKAGE_NAME "bgpstream"
| #define PACKAGE_TARNAME "bgpstream"
| #define PACKAGE_VERSION "1.2.1"
| #define PACKAGE_STRING "bgpstream 1.2.1"
| #define PACKAGE_BUGREPORT "bgpstream-info@caida.org"
| #define PACKAGE_URL ""
| #define BGPSTREAM_MAJOR_VERSION 1
| #define BGPSTREAM_MID_VERSION 2
| #define BGPSTREAM_MINOR_VERSION 1
| #define LIBBGPSTREAM_MAJOR_VERSION 2
| #define LIBBGPSTREAM_MID_VERSION 0
| #define LIBBGPSTREAM_MINOR_VERSION 0
| #define STDC_HEADERS 1
| #define HAVE_SYS_TYPES_H 1
| #define HAVE_SYS_STAT_H 1
| #define HAVE_STDLIB_H 1
| #define HAVE_STRING_H 1
| #define HAVE_MEMORY_H 1
| #define HAVE_STRINGS_H 1
| #define HAVE_INTTYPES_H 1
| #define HAVE_STDINT_H 1
| #define HAVE_UNISTD_H 1
| #define HAVE_DLFCN_H 1
| #define LT_OBJDIR ".libs/"
| #define PACKAGE "bgpstream"
| #define VERSION "1.2.1"
| #define HAVE_GETTIMEOFDAY 1
| #define HAVE_MEMSET 1
| #define HAVE_STRDUP 1
| #define HAVE_STRSTR 1
| #define HAVE_STRSEP 1
| /* end confdefs.h.  */
| /* Define strlcpy to an innocuous variant, in case <limits.h> declares strlcpy.
|    For example, HP-UX 11i <limits.h> declares gettimeofday.  */
| #define strlcpy innocuous_strlcpy
| 
| /* System header to define __stub macros and hopefully few prototypes,
|     which can conflict with char strlcpy (); below.
|     Prefer <limits.h> to <assert.h> if __STDC__ is defined, since
|     <limits.h> exists even on freestanding compilers.  */
| 
| #ifdef __STDC__
| # include <limits.h>
| #else
| # include <assert.h>
| #endif
| 
| #undef strlcpy
| 
| /* Override any GCC internal prototype to avoid an error.
|    Use char because int might match the return type of a GCC
|    builtin and then its argument prototype would still apply.  */
| #ifdef __cplusplus
| extern "C"
| #endif
| char strlcpy ();
| /* The GNU C library defines this for functions which it implements
|     to always fail with ENOSYS.  Some functions are actually named
|     something starting with __ and the normal name is an alias.  */
| #if defined __stub_strlcpy || defined __stub___strlcpy
| choke me
| #endif
| 
| int
| main ()
| {
| return strlcpy ();
|   ;
|   return 0;
| }
configure:16427: result: no
configure:16427: checking for vasprintf
configure:16427: gcc -o conftest -g -O2   conftest.c  >&5
configure:16427: $? = 0
configure:16427: result: yes
configure:16439: checking whether to build with debug information
configure:16448: result: no
configure:16458: checking for size_t
configure:16458: gcc -c -g -O2  conftest.c >&5
configure:16458: $? = 0
configure:16458: gcc -c -g -O2  conftest.c >&5
conftest.c: In function 'main':
conftest.c:71:21: error: expected expression before ')' token
 if (sizeof ((size_t)))
                     ^
configure:16458: $? = 1
configure: failed program was:
| /* confdefs.h */
| #define PACKAGE_NAME "bgpstream"
| #define PACKAGE_TARNAME "bgpstream"
| #define PACKAGE_VERSION "1.2.1"
| #define PACKAGE_STRING "bgpstream 1.2.1"
| #define PACKAGE_BUGREPORT "bgpstream-info@caida.org"
| #define PACKAGE_URL ""
| #define BGPSTREAM_MAJOR_VERSION 1
| #define BGPSTREAM_MID_VERSION 2
| #define BGPSTREAM_MINOR_VERSION 1
| #define LIBBGPSTREAM_MAJOR_VERSION 2
| #define LIBBGPSTREAM_MID_VERSION 0
| #define LIBBGPSTREAM_MINOR_VERSION 0
| #define STDC_HEADERS 1
| #define HAVE_SYS_TYPES_H 1
| #define HAVE_SYS_STAT_H 1
| #define HAVE_STDLIB_H 1
| #define HAVE_STRING_H 1
| #define HAVE_MEMORY_H 1
| #define HAVE_STRINGS_H 1
| #define HAVE_INTTYPES_H 1
| #define HAVE_STDINT_H 1
| #define HAVE_UNISTD_H 1
| #define HAVE_DLFCN_H 1
| #define LT_OBJDIR ".libs/"
| #define PACKAGE "bgpstream"
| #define VERSION "1.2.1"
| #define HAVE_GETTIMEOFDAY 1
| #define HAVE_MEMSET 1
| #define HAVE_STRDUP 1
| #define HAVE_STRSTR 1
| #define HAVE_STRSEP 1
| #define HAVE_VASPRINTF 1
| /* end confdefs.h.  */
| #include <stdio.h>
| #ifdef HAVE_SYS_TYPES_H
| # include <sys/types.h>
| #endif
| #ifdef HAVE_SYS_STAT_H
| # include <sys/stat.h>
| #endif
| #ifdef STDC_HEADERS
| # include <stdlib.h>
| # include <stddef.h>
| #else
| # ifdef HAVE_STDLIB_H
| #  include <stdlib.h>
| # endif
| #endif
| #ifdef HAVE_STRING_H
| # if !defined STDC_HEADERS && defined HAVE_MEMORY_H
| #  include <memory.h>
| # endif
| # include <string.h>
| #endif
| #ifdef HAVE_STRINGS_H
| # include <strings.h>
| #endif
| #ifdef HAVE_INTTYPES_H
| # include <inttypes.h>
| #endif
| #ifdef HAVE_STDINT_H
| # include <stdint.h>
| #endif
| #ifdef HAVE_UNISTD_H
| # include <unistd.h>
| #endif
| int
| main ()
| {
| if (sizeof ((size_t)))
| 	    return 0;
|   ;
|   return 0;
| }
configure:16458: result: yes
configure:16469: checking for uint16_t
configure:16469: gcc -c -g -O2  conftest.c >&5
configure:16469: $? = 0
configure:16469: result: yes
configure:16481: checking for uint32_t
configure:16481: gcc -c -g -O2  conftest.c >&5
configure:16481: $? = 0
configure:16481: result: yes
configure:16495: checking for uint64_t
configure:16495: gcc -c -g -O2  conftest.c >&5
configure:16495: $? = 0
configure:16495: result: yes
configure:16509: checking for uint8_t
configure:16509: gcc -c -g -O2  conftest.c >&5
configure:16509: $? = 0
configure:16509: result: yes
configure:16527: checking for stdlib.h
configure:16527: result: yes
configure:16537: checking for GNU libc compatible malloc
configure:16561: gcc -o conftest -g -O2   conftest.c  >&5
configure:16561: $? = 0
configure:16561: ./conftest
configure:16561: $? = 0
configure:16571: result: yes
configure:16594: checking for stdlib.h
configure:16594: result: yes
configure:16604: checking for GNU libc compatible realloc
configure:16628: gcc -o conftest -g -O2   conftest.c  >&5
configure:16628: $? = 0
configure:16628: ./conftest
configure:16628: $? = 0
configure:16638: result: yes
configure:16665: checking arpa/inet.h usability
configure:16665: gcc -c -g -O2  conftest.c >&5
configure:16665: $? = 0
configure:16665: result: yes
configure:16665: checking arpa/inet.h presence
configure:16665: gcc -E  conftest.c
configure:16665: $? = 0
configure:16665: result: yes
configure:16665: checking for arpa/inet.h
configure:16665: result: yes
configure:16665: checking for inttypes.h
configure:16665: result: yes
configure:16665: checking limits.h usability
configure:16665: gcc -c -g -O2  conftest.c >&5
configure:16665: $? = 0
configure:16665: result: yes
configure:16665: checking limits.h presence
configure:16665: gcc -E  conftest.c
configure:16665: $? = 0
configure:16665: result: yes
configure:16665: checking for limits.h
configure:16665: result: yes
configure:16665: checking math.h usability
configure:16665: gcc -c -g -O2  conftest.c >&5
configure:16665: $? = 0
configure:16665: result: yes
configure:16665: checking math.h presence
configure:16665: gcc -E  conftest.c
configure:16665: $? = 0
configure:16665: result: yes
configure:16665: checking for math.h
configure:16665: result: yes
configure:16665: checking for stdlib.h
configure:16665: result: yes
configure:16665: checking for string.h
configure:16665: result: yes
configure:16665: checking time.h usability
configure:16665: gcc -c -g -O2  conftest.c >&5
configure:16665: $? = 0
configure:16665: result: yes
configure:16665: checking time.h presence
configure:16665: gcc -E  conftest.c
configure:16665: $? = 0
configure:16665: result: yes
configure:16665: checking for time.h
configure:16665: result: yes
configure:16665: checking sys/time.h usability
configure:16665: gcc -c -g -O2  conftest.c >&5
configure:16665: $? = 0
configure:16665: result: yes
configure:16665: checking sys/time.h presence
configure:16665: gcc -E  conftest.c
configure:16665: $? = 0
configure:16665: result: yes
configure:16665: checking for sys/time.h
configure:16665: result: yes
configure:16824: checking if compiler needs certain flags to reject unknown flags
configure:16844: gcc -c  -Wunknown-warning-option -Wunused-command-line-argument -Wfoobaz -foobaz  conftest.c >&5
gcc: error: unrecognized command line option '-Wunknown-warning-option'
gcc: error: unrecognized command line option '-Wunused-command-line-argument'; did you mean '-Wunused-dummy-argument'?
gcc: error: unrecognized command line option '-Wfoobaz'; did you mean '-Wformat'?
gcc: error: unrecognized command line option '-foobaz'
configure:16844: $? = 1
configure: failed program was:
| /* confdefs.h */
| #define PACKAGE_NAME "bgpstream"
| #define PACKAGE_TARNAME "bgpstream"
| #define PACKAGE_VERSION "1.2.1"
| #define PACKAGE_STRING "bgpstream 1.2.1"
| #define PACKAGE_BUGREPORT "bgpstream-info@caida.org"
| #define PACKAGE_URL ""
| #define BGPSTREAM_MAJOR_VERSION 1
| #define BGPSTREAM_MID_VERSION 2
| #define BGPSTREAM_MINOR_VERSION 1
| #define LIBBGPSTREAM_MAJOR_VERSION 2
| #define LIBBGPSTREAM_MID_VERSION 0
| #define LIBBGPSTREAM_MINOR_VERSION 0
| #define STDC_HEADERS 1
| #define HAVE_SYS_TYPES_H 1
| #define HAVE_SYS_STAT_H 1
| #define HAVE_STDLIB_H 1
| #define HAVE_STRING_H 1
| #define HAVE_MEMORY_H 1
| #define HAVE_STRINGS_H 1
| #define HAVE_INTTYPES_H 1
| #define HAVE_STDINT_H 1
| #define HAVE_UNISTD_H 1
| #define HAVE_DLFCN_H 1
| #define LT_OBJDIR ".libs/"
| #define PACKAGE "bgpstream"
| #define VERSION "1.2.1"
| #define HAVE_GETTIMEOFDAY 1
| #define HAVE_MEMSET 1
| #define HAVE_STRDUP 1
| #define HAVE_STRSTR 1
| #define HAVE_STRSEP 1
| #define HAVE_VASPRINTF 1
| #define HAVE_STDLIB_H 1
| #define HAVE_MALLOC 1
| #define HAVE_STDLIB_H 1
| #define HAVE_REALLOC 1
| #define HAVE_ARPA_INET_H 1
| #define HAVE_INTTYPES_H 1
| #define HAVE_LIMITS_H 1
| #define HAVE_MATH_H 1
| #define HAVE_STDLIB_H 1
| #define HAVE_STRING_H 1
| #define HAVE_TIME_H 1
| #define HAVE_SYS_TIME_H 1
| /* end confdefs.h.  */
| int foo(void);
| int
| main ()
| {
| foo()
|   ;
|   return 0;
| }
configure:16853: result: no
configure:16927: checking for the pthreads library -lpthreads
configure:16965: gcc -o conftest      conftest.c -lpthreads  >&5
/usr/bin/ld: cannot find -lpthreads
collect2: error: ld returned 1 exit status
configure:16965: $? = 1
configure: failed program was:
| /* confdefs.h */
| #define PACKAGE_NAME "bgpstream"
| #define PACKAGE_TARNAME "bgpstream"
| #define PACKAGE_VERSION "1.2.1"
| #define PACKAGE_STRING "bgpstream 1.2.1"
| #define PACKAGE_BUGREPORT "bgpstream-info@caida.org"
| #define PACKAGE_URL ""
| #define BGPSTREAM_MAJOR_VERSION 1
| #define BGPSTREAM_MID_VERSION 2
| #define BGPSTREAM_MINOR_VERSION 1
| #define LIBBGPSTREAM_MAJOR_VERSION 2
| #define LIBBGPSTREAM_MID_VERSION 0
| #define LIBBGPSTREAM_MINOR_VERSION 0
| #define STDC_HEADERS 1
| #define HAVE_SYS_TYPES_H 1
| #define HAVE_SYS_STAT_H 1
| #define HAVE_STDLIB_H 1
| #define HAVE_STRING_H 1
| #define HAVE_MEMORY_H 1
| #define HAVE_STRINGS_H 1
| #define HAVE_INTTYPES_H 1
| #define HAVE_STDINT_H 1
| #define HAVE_UNISTD_H 1
| #define HAVE_DLFCN_H 1
| #define LT_OBJDIR ".libs/"
| #define PACKAGE "bgpstream"
| #define VERSION "1.2.1"
| #define HAVE_GETTIMEOFDAY 1
| #define HAVE_MEMSET 1
| #define HAVE_STRDUP 1
| #define HAVE_STRSTR 1
| #define HAVE_STRSEP 1
| #define HAVE_VASPRINTF 1
| #define HAVE_STDLIB_H 1
| #define HAVE_MALLOC 1
| #define HAVE_STDLIB_H 1
| #define HAVE_REALLOC 1
| #define HAVE_ARPA_INET_H 1
| #define HAVE_INTTYPES_H 1
| #define HAVE_LIMITS_H 1
| #define HAVE_MATH_H 1
| #define HAVE_STDLIB_H 1
| #define HAVE_STRING_H 1
| #define HAVE_TIME_H 1
| #define HAVE_SYS_TIME_H 1
| /* end confdefs.h.  */
| #include <pthread.h>
|                         static void routine(void *a) { a = 0; }
|                         static void *start_routine(void *a) { return a; }
| int
| main ()
| {
| pthread_t th; pthread_attr_t attr;
|                         pthread_create(&th, 0, start_routine, 0);
|                         pthread_join(th, 0);
|                         pthread_attr_init(&attr);
|                         pthread_cleanup_push(routine, 0);
|                         pthread_cleanup_pop(0) /* ; */
|   ;
|   return 0;
| }
configure:16974: result: no
configure:16865: checking whether pthreads work without any flags
configure:16965: gcc -o conftest      conftest.c   >&5
/tmp/cc213qCR.o: In function `main':
conftest.c:(.text+0x57): undefined reference to `pthread_create'
conftest.c:(.text+0x6b): undefined reference to `pthread_join'
conftest.c:(.text+0xe2): undefined reference to `__pthread_register_cancel'
conftest.c:(.text+0xee): undefined reference to `__pthread_unregister_cancel'
collect2: error: ld returned 1 exit status
configure:16965: $? = 1
configure: failed program was:
| /* confdefs.h */
| #define PACKAGE_NAME "bgpstream"
| #define PACKAGE_TARNAME "bgpstream"
| #define PACKAGE_VERSION "1.2.1"
| #define PACKAGE_STRING "bgpstream 1.2.1"
| #define PACKAGE_BUGREPORT "bgpstream-info@caida.org"
| #define PACKAGE_URL ""
| #define BGPSTREAM_MAJOR_VERSION 1
| #define BGPSTREAM_MID_VERSION 2
| #define BGPSTREAM_MINOR_VERSION 1
| #define LIBBGPSTREAM_MAJOR_VERSION 2
| #define LIBBGPSTREAM_MID_VERSION 0
| #define LIBBGPSTREAM_MINOR_VERSION 0
| #define STDC_HEADERS 1
| #define HAVE_SYS_TYPES_H 1
| #define HAVE_SYS_STAT_H 1
| #define HAVE_STDLIB_H 1
| #define HAVE_STRING_H 1
| #define HAVE_MEMORY_H 1
| #define HAVE_STRINGS_H 1
| #define HAVE_INTTYPES_H 1
| #define HAVE_STDINT_H 1
| #define HAVE_UNISTD_H 1
| #define HAVE_DLFCN_H 1
| #define LT_OBJDIR ".libs/"
| #define PACKAGE "bgpstream"
| #define VERSION "1.2.1"
| #define HAVE_GETTIMEOFDAY 1
| #define HAVE_MEMSET 1
| #define HAVE_STRDUP 1
| #define HAVE_STRSTR 1
| #define HAVE_STRSEP 1
| #define HAVE_VASPRINTF 1
| #define HAVE_STDLIB_H 1
| #define HAVE_MALLOC 1
| #define HAVE_STDLIB_H 1
| #define HAVE_REALLOC 1
| #define HAVE_ARPA_INET_H 1
| #define HAVE_INTTYPES_H 1
| #define HAVE_LIMITS_H 1
| #define HAVE_MATH_H 1
| #define HAVE_STDLIB_H 1
| #define HAVE_STRING_H 1
| #define HAVE_TIME_H 1
| #define HAVE_SYS_TIME_H 1
| /* end confdefs.h.  */
| #include <pthread.h>
|                         static void routine(void *a) { a = 0; }
|                         static void *start_routine(void *a) { return a; }
| int
| main ()
| {
| pthread_t th; pthread_attr_t attr;
|                         pthread_create(&th, 0, start_routine, 0);
|                         pthread_join(th, 0);
|                         pthread_attr_init(&attr);
|                         pthread_cleanup_push(routine, 0);
|                         pthread_cleanup_pop(0) /* ; */
|   ;
|   return 0;
| }
configure:16974: result: no
configure:16877: checking whether pthreads work with -Kthread
configure:16965: gcc -o conftest  -Kthread    conftest.c   >&5
gcc: error: unrecognized command line option '-Kthread'; did you mean '-pthread'?
configure:16965: $? = 1
configure: failed program was:
| /* confdefs.h */
| #define PACKAGE_NAME "bgpstream"
| #define PACKAGE_TARNAME "bgpstream"
| #define PACKAGE_VERSION "1.2.1"
| #define PACKAGE_STRING "bgpstream 1.2.1"
| #define PACKAGE_BUGREPORT "bgpstream-info@caida.org"
| #define PACKAGE_URL ""
| #define BGPSTREAM_MAJOR_VERSION 1
| #define BGPSTREAM_MID_VERSION 2
| #define BGPSTREAM_MINOR_VERSION 1
| #define LIBBGPSTREAM_MAJOR_VERSION 2
| #define LIBBGPSTREAM_MID_VERSION 0
| #define LIBBGPSTREAM_MINOR_VERSION 0
| #define STDC_HEADERS 1
| #define HAVE_SYS_TYPES_H 1
| #define HAVE_SYS_STAT_H 1
| #define HAVE_STDLIB_H 1
| #define HAVE_STRING_H 1
| #define HAVE_MEMORY_H 1
| #define HAVE_STRINGS_H 1
| #define HAVE_INTTYPES_H 1
| #define HAVE_STDINT_H 1
| #define HAVE_UNISTD_H 1
| #define HAVE_DLFCN_H 1
| #define LT_OBJDIR ".libs/"
| #define PACKAGE "bgpstream"
| #define VERSION "1.2.1"
| #define HAVE_GETTIMEOFDAY 1
| #define HAVE_MEMSET 1
| #define HAVE_STRDUP 1
| #define HAVE_STRSTR 1
| #define HAVE_STRSEP 1
| #define HAVE_VASPRINTF 1
| #define HAVE_STDLIB_H 1
| #define HAVE_MALLOC 1
| #define HAVE_STDLIB_H 1
| #define HAVE_REALLOC 1
| #define HAVE_ARPA_INET_H 1
| #define HAVE_INTTYPES_H 1
| #define HAVE_LIMITS_H 1
| #define HAVE_MATH_H 1
| #define HAVE_STDLIB_H 1
| #define HAVE_STRING_H 1
| #define HAVE_TIME_H 1
| #define HAVE_SYS_TIME_H 1
| /* end confdefs.h.  */
| #include <pthread.h>
|                         static void routine(void *a) { a = 0; }
|                         static void *start_routine(void *a) { return a; }
| int
| main ()
| {
| pthread_t th; pthread_attr_t attr;
|                         pthread_create(&th, 0, start_routine, 0);
|                         pthread_join(th, 0);
|                         pthread_attr_init(&attr);
|                         pthread_cleanup_push(routine, 0);
|                         pthread_cleanup_pop(0) /* ; */
|   ;
|   return 0;
| }
configure:16974: result: no
configure:16877: checking whether pthreads work with -kthread
configure:16965: gcc -o conftest  -kthread    conftest.c   >&5
gcc: error: unrecognized command line option '-kthread'; did you mean '-pthread'?
configure:16965: $? = 1
configure: failed program was:
| /* confdefs.h */
| #define PACKAGE_NAME "bgpstream"
| #define PACKAGE_TARNAME "bgpstream"
| #define PACKAGE_VERSION "1.2.1"
| #define PACKAGE_STRING "bgpstream 1.2.1"
| #define PACKAGE_BUGREPORT "bgpstream-info@caida.org"
| #define PACKAGE_URL ""
| #define BGPSTREAM_MAJOR_VERSION 1
| #define BGPSTREAM_MID_VERSION 2
| #define BGPSTREAM_MINOR_VERSION 1
| #define LIBBGPSTREAM_MAJOR_VERSION 2
| #define LIBBGPSTREAM_MID_VERSION 0
| #define LIBBGPSTREAM_MINOR_VERSION 0
| #define STDC_HEADERS 1
| #define HAVE_SYS_TYPES_H 1
| #define HAVE_SYS_STAT_H 1
| #define HAVE_STDLIB_H 1
| #define HAVE_STRING_H 1
| #define HAVE_MEMORY_H 1
| #define HAVE_STRINGS_H 1
| #define HAVE_INTTYPES_H 1
| #define HAVE_STDINT_H 1
| #define HAVE_UNISTD_H 1
| #define HAVE_DLFCN_H 1
| #define LT_OBJDIR ".libs/"
| #define PACKAGE "bgpstream"
| #define VERSION "1.2.1"
| #define HAVE_GETTIMEOFDAY 1
| #define HAVE_MEMSET 1
| #define HAVE_STRDUP 1
| #define HAVE_STRSTR 1
| #define HAVE_STRSEP 1
| #define HAVE_VASPRINTF 1
| #define HAVE_STDLIB_H 1
| #define HAVE_MALLOC 1
| #define HAVE_STDLIB_H 1
| #define HAVE_REALLOC 1
| #define HAVE_ARPA_INET_H 1
| #define HAVE_INTTYPES_H 1
| #define HAVE_LIMITS_H 1
| #define HAVE_MATH_H 1
| #define HAVE_STDLIB_H 1
| #define HAVE_STRING_H 1
| #define HAVE_TIME_H 1
| #define HAVE_SYS_TIME_H 1
| /* end confdefs.h.  */
| #include <pthread.h>
|                         static void routine(void *a) { a = 0; }
|                         static void *start_routine(void *a) { return a; }
| int
| main ()
| {
| pthread_t th; pthread_attr_t attr;
|                         pthread_create(&th, 0, start_routine, 0);
|                         pthread_join(th, 0);
|                         pthread_attr_init(&attr);
|                         pthread_cleanup_push(routine, 0);
|                         pthread_cleanup_pop(0) /* ; */
|   ;
|   return 0;
| }
configure:16974: result: no
configure:16927: checking for the pthreads library -llthread
configure:16965: gcc -o conftest      conftest.c -llthread  >&5
/usr/bin/ld: cannot find -llthread
collect2: error: ld returned 1 exit status
configure:16965: $? = 1
configure: failed program was:
| /* confdefs.h */
| #define PACKAGE_NAME "bgpstream"
| #define PACKAGE_TARNAME "bgpstream"
| #define PACKAGE_VERSION "1.2.1"
| #define PACKAGE_STRING "bgpstream 1.2.1"
| #define PACKAGE_BUGREPORT "bgpstream-info@caida.org"
| #define PACKAGE_URL ""
| #define BGPSTREAM_MAJOR_VERSION 1
| #define BGPSTREAM_MID_VERSION 2
| #define BGPSTREAM_MINOR_VERSION 1
| #define LIBBGPSTREAM_MAJOR_VERSION 2
| #define LIBBGPSTREAM_MID_VERSION 0
| #define LIBBGPSTREAM_MINOR_VERSION 0
| #define STDC_HEADERS 1
| #define HAVE_SYS_TYPES_H 1
| #define HAVE_SYS_STAT_H 1
| #define HAVE_STDLIB_H 1
| #define HAVE_STRING_H 1
| #define HAVE_MEMORY_H 1
| #define HAVE_STRINGS_H 1
| #define HAVE_INTTYPES_H 1
| #define HAVE_STDINT_H 1
| #define HAVE_UNISTD_H 1
| #define HAVE_DLFCN_H 1
| #define LT_OBJDIR ".libs/"
| #define PACKAGE "bgpstream"
| #define VERSION "1.2.1"
| #define HAVE_GETTIMEOFDAY 1
| #define HAVE_MEMSET 1
| #define HAVE_STRDUP 1
| #define HAVE_STRSTR 1
| #define HAVE_STRSEP 1
| #define HAVE_VASPRINTF 1
| #define HAVE_STDLIB_H 1
| #define HAVE_MALLOC 1
| #define HAVE_STDLIB_H 1
| #define HAVE_REALLOC 1
| #define HAVE_ARPA_INET_H 1
| #define HAVE_INTTYPES_H 1
| #define HAVE_LIMITS_H 1
| #define HAVE_MATH_H 1
| #define HAVE_STDLIB_H 1
| #define HAVE_STRING_H 1
| #define HAVE_TIME_H 1
| #define HAVE_SYS_TIME_H 1
| /* end confdefs.h.  */
| #include <pthread.h>
|                         static void routine(void *a) { a = 0; }
|                         static void *start_routine(void *a) { return a; }
| int
| main ()
| {
| pthread_t th; pthread_attr_t attr;
|                         pthread_create(&th, 0, start_routine, 0);
|                         pthread_join(th, 0);
|                         pthread_attr_init(&attr);
|                         pthread_cleanup_push(routine, 0);
|                         pthread_cleanup_pop(0) /* ; */
|   ;
|   return 0;
| }
configure:16974: result: no
configure:16877: checking whether pthreads work with -pthread
configure:16965: gcc -o conftest  -pthread    conftest.c   >&5
configure:16965: $? = 0
configure:16974: result: yes
configure:16993: checking for joinable pthread attribute
configure:17011: gcc -o conftest  -pthread   conftest.c   >&5
configure:17011: $? = 0
configure:17019: result: PTHREAD_CREATE_JOINABLE
configure:17030: checking for pthread_yield
configure:17047: gcc -o conftest  -pthread   conftest.c   >&5
conftest.c: In function 'main':
conftest.c:54:25: warning: implicit declaration of function 'pthread_yield'; did you mean 'pthread_self'? [-Wimplicit-function-declaration]
                         pthread_yield();
                         ^~~~~~~~~~~~~
                         pthread_self
configure:17047: $? = 0
configure:17049: result: yes
configure:17095: checking if more special flags are required for pthreads
configure:17126: result: no
configure:17134: checking for PTHREAD_PRIO_INHERIT
configure:17150: gcc -o conftest  -pthread   conftest.c   >&5
configure:17150: $? = 0
configure:17159: result: yes
configure:17264: checking for library containing wandio_create
configure:17295: gcc -o conftest -g -O2 -pthread   conftest.c   >&5
/tmp/ccR4DIVN.o: In function `main':
/home/leandros/Desktop/SCC300/src/bgpstream-1.2.1/conftest.c:61: undefined reference to `wandio_create'
collect2: error: ld returned 1 exit status
configure:17295: $? = 1
configure: failed program was:
| /* confdefs.h */
| #define PACKAGE_NAME "bgpstream"
| #define PACKAGE_TARNAME "bgpstream"
| #define PACKAGE_VERSION "1.2.1"
| #define PACKAGE_STRING "bgpstream 1.2.1"
| #define PACKAGE_BUGREPORT "bgpstream-info@caida.org"
| #define PACKAGE_URL ""
| #define BGPSTREAM_MAJOR_VERSION 1
| #define BGPSTREAM_MID_VERSION 2
| #define BGPSTREAM_MINOR_VERSION 1
| #define LIBBGPSTREAM_MAJOR_VERSION 2
| #define LIBBGPSTREAM_MID_VERSION 0
| #define LIBBGPSTREAM_MINOR_VERSION 0
| #define STDC_HEADERS 1
| #define HAVE_SYS_TYPES_H 1
| #define HAVE_SYS_STAT_H 1
| #define HAVE_STDLIB_H 1
| #define HAVE_STRING_H 1
| #define HAVE_MEMORY_H 1
| #define HAVE_STRINGS_H 1
| #define HAVE_INTTYPES_H 1
| #define HAVE_STDINT_H 1
| #define HAVE_UNISTD_H 1
| #define HAVE_DLFCN_H 1
| #define LT_OBJDIR ".libs/"
| #define PACKAGE "bgpstream"
| #define VERSION "1.2.1"
| #define HAVE_GETTIMEOFDAY 1
| #define HAVE_MEMSET 1
| #define HAVE_STRDUP 1
| #define HAVE_STRSTR 1
| #define HAVE_STRSEP 1
| #define HAVE_VASPRINTF 1
| #define HAVE_STDLIB_H 1
| #define HAVE_MALLOC 1
| #define HAVE_STDLIB_H 1
| #define HAVE_REALLOC 1
| #define HAVE_ARPA_INET_H 1
| #define HAVE_INTTYPES_H 1
| #define HAVE_LIMITS_H 1
| #define HAVE_MATH_H 1
| #define HAVE_STDLIB_H 1
| #define HAVE_STRING_H 1
| #define HAVE_TIME_H 1
| #define HAVE_SYS_TIME_H 1
| #define PTHREAD_YIELD_FUNC pthread_yield
| #define HAVE_PTHREAD_PRIO_INHERIT 1
| #define HAVE_PTHREAD 1
| /* end confdefs.h.  */
| 
| /* Override any GCC internal prototype to avoid an error.
|    Use char because int might match the return type of a GCC
|    builtin and then its argument prototype would still apply.  */
| #ifdef __cplusplus
| extern "C"
| #endif
| char wandio_create ();
| int
| main ()
| {
| return wandio_create ();
|   ;
|   return 0;
| }
configure:17295: gcc -o conftest -g -O2 -pthread   conftest.c -lwandio    >&5
configure:17295: $? = 0
configure:17312: result: -lwandio
configure:17332: 
configure:17334: ---- BGPStream configuration ----
configure:17338: checking whether to build with data interface: broker
configure:17371: result: yes
configure:17384: checking whether to build with data interface: singlefile
configure:17417: result: yes
configure:17430: checking whether to build with data interface: csvfile
configure:17463: result: yes
configure:17476: checking whether to build with data interface: sqlite
configure:17509: result: no
configure:17527: checking data interface dependencies...
configure:17532: checking for wandio HTTP support
configure:17554: gcc -o conftest -g -O2 -pthread   conftest.c -lwandio >&5
configure:17554: $? = 0
configure:17554: ./conftest
configure:17554: $? = 0
configure:17567: result: yes
configure:17624: configuring data interface parameters...
configure:17631: checking data interface option: Broker URL
configure:17646: result: https://bgpstream.caida.org/broker
configure:17672: checking data interface option: RIB MRT file to read
configure:17687: result: not-set
configure:17692: checking data interface option: Updates MRT to read
configure:17707: result: not-set
configure:17740: checking data interface option: CSV file listing the MRT data to read
configure:17755: result: not-set
configure:17760: ---------------------------------
configure:17764: 
configure:17766: ---- BGPCorsaro configuration ----
configure:17769: checking for the monitor name to use
configure:17783: result: leandros-VirtualBox
configure:17794: checking whether to monitor plugin runtimes
configure:17815: result: no
configure:17833: checking whether to build with pfxmonitor plugin
configure:17865: result: yes
configure:17878: checking whether to build with pacifier plugin
configure:17910: result: yes
configure:17923: checking whether to build with asmonitor plugin
configure:17955: result: yes
configure:17979: ----------------------------------
configure:17986: checking whether to enable assertions
configure:18004: result: yes
configure:18119: checking that generated files are newer than configure
configure:18125: result: done
configure:18184: creating ./config.status

## ---------------------- ##
## Running config.status. ##
## ---------------------- ##

This file was extended by bgpstream config.status 1.2.1, which was
generated by GNU Autoconf 2.69.  Invocation command line was

  CONFIG_FILES    = 
  CONFIG_HEADERS  = 
  CONFIG_LINKS    = 
  CONFIG_COMMANDS = 
  $ ./config.status 

on leandros-VirtualBox

config.status:1230: creating Makefile
config.status:1230: creating bgpcorsaro/Makefile
config.status:1230: creating bgpcorsaro/lib/Makefile
config.status:1230: creating bgpcorsaro/lib/plugins/Makefile
config.status:1230: creating bgpcorsaro/tools/Makefile
config.status:1230: creating common/Makefile
config.status:1230: creating common/libpatricia/Makefile
config.status:1230: creating common/libinterval3/Makefile
config.status:1230: creating common/libinterval3/rb_tree/Makefile
config.status:1230: creating common/libcsv/Makefile
config.status:1230: creating common/libjsmn/Makefile
config.status:1230: creating lib/Makefile
config.status:1230: creating lib/bgpdump/Makefile
config.status:1230: creating lib/datasources/Makefile
config.status:1230: creating lib/utils/Makefile
config.status:1230: creating tools/Makefile
config.status:1230: creating test/Makefile
config.status:1230: creating config.h
config.status:1459: executing libtool commands
config.status:1459: executing libtool-rpath-patch commands
config.status:1459: executing depfiles commands
config.status:2251: cd bgpcorsaro/lib       && sed -e '/# am--include-marker/d' Makefile         | make -f - am--depfiles
config.status:2256: $? = 0
config.status:2251: cd bgpcorsaro/lib/plugins       && sed -e '/# am--include-marker/d' Makefile         | make -f - am--depfiles
config.status:2256: $? = 0
config.status:2251: cd bgpcorsaro/tools       && sed -e '/# am--include-marker/d' Makefile         | make -f - am--depfiles
config.status:2256: $? = 0
config.status:2251: cd common       && sed -e '/# am--include-marker/d' Makefile         | make -f - am--depfiles
config.status:2256: $? = 0
config.status:2251: cd common/libpatricia       && sed -e '/# am--include-marker/d' Makefile         | make -f - am--depfiles
config.status:2256: $? = 0
config.status:2251: cd common/libinterval3       && sed -e '/# am--include-marker/d' Makefile         | make -f - am--depfiles
config.status:2256: $? = 0
config.status:2251: cd common/libinterval3/rb_tree       && sed -e '/# am--include-marker/d' Makefile         | make -f - am--depfiles
config.status:2256: $? = 0
config.status:2251: cd common/libcsv       && sed -e '/# am--include-marker/d' Makefile         | make -f - am--depfiles
config.status:2256: $? = 0
config.status:2251: cd common/libjsmn       && sed -e '/# am--include-marker/d' Makefile         | make -f - am--depfiles
config.status:2256: $? = 0
config.status:2251: cd lib       && sed -e '/# am--include-marker/d' Makefile         | make -f - am--depfiles
config.status:2256: $? = 0
config.status:2251: cd lib/bgpdump       && sed -e '/# am--include-marker/d' Makefile         | make -f - am--depfiles
config.status:2256: $? = 0
config.status:2251: cd lib/datasources       && sed -e '/# am--include-marker/d' Makefile         | make -f - am--depfiles
config.status:2256: $? = 0
config.status:2251: cd lib/utils       && sed -e '/# am--include-marker/d' Makefile         | make -f - am--depfiles
config.status:2256: $? = 0
config.status:2251: cd tools       && sed -e '/# am--include-marker/d' Makefile         | make -f - am--depfiles
config.status:2256: $? = 0
config.status:2251: cd test       && sed -e '/# am--include-marker/d' Makefile         | make -f - am--depfiles
config.status:2256: $? = 0

## ---------------- ##
## Cache variables. ##
## ---------------- ##

ac_cv_build=x86_64-pc-linux-gnu
ac_cv_c_compiler_gnu=yes
ac_cv_c_uint16_t=yes
ac_cv_c_uint32_t=yes
ac_cv_c_uint64_t=yes
ac_cv_c_uint8_t=yes
ac_cv_cxx_compiler_gnu=yes
ac_cv_env_CCC_set=
ac_cv_env_CCC_value=
ac_cv_env_CC_set=
ac_cv_env_CC_value=
ac_cv_env_CFLAGS_set=
ac_cv_env_CFLAGS_value=
ac_cv_env_CPPFLAGS_set=
ac_cv_env_CPPFLAGS_value=
ac_cv_env_CPP_set=
ac_cv_env_CPP_value=
ac_cv_env_CXXCPP_set=
ac_cv_env_CXXCPP_value=
ac_cv_env_CXXFLAGS_set=
ac_cv_env_CXXFLAGS_value=
ac_cv_env_CXX_set=
ac_cv_env_CXX_value=
ac_cv_env_LDFLAGS_set=
ac_cv_env_LDFLAGS_value=
ac_cv_env_LIBS_set=
ac_cv_env_LIBS_value=
ac_cv_env_LT_SYS_LIBRARY_PATH_set=
ac_cv_env_LT_SYS_LIBRARY_PATH_value=
ac_cv_env_build_alias_set=
ac_cv_env_build_alias_value=
ac_cv_env_host_alias_set=
ac_cv_env_host_alias_value=
ac_cv_env_target_alias_set=
ac_cv_env_target_alias_value=
ac_cv_func_gettimeofday=yes
ac_cv_func_malloc_0_nonnull=yes
ac_cv_func_memset=yes
ac_cv_func_realloc_0_nonnull=yes
ac_cv_func_strdup=yes
ac_cv_func_strlcpy=no
ac_cv_func_strsep=yes
ac_cv_func_strstr=yes
ac_cv_func_vasprintf=yes
ac_cv_header_arpa_inet_h=yes
ac_cv_header_dlfcn_h=yes
ac_cv_header_inttypes_h=yes
ac_cv_header_limits_h=yes
ac_cv_header_math_h=yes
ac_cv_header_memory_h=yes
ac_cv_header_stdc=yes
ac_cv_header_stdint_h=yes
ac_cv_header_stdlib_h=yes
ac_cv_header_string_h=yes
ac_cv_header_strings_h=yes
ac_cv_header_sys_stat_h=yes
ac_cv_header_sys_time_h=yes
ac_cv_header_sys_types_h=yes
ac_cv_header_time_h=yes
ac_cv_header_unistd_h=yes
ac_cv_host=x86_64-pc-linux-gnu
ac_cv_objext=o
ac_cv_path_EGREP='/bin/grep -E'
ac_cv_path_FGREP='/bin/grep -F'
ac_cv_path_GREP=/bin/grep
ac_cv_path_SED=/bin/sed
ac_cv_path_install='/usr/bin/install -c'
ac_cv_path_lt_DD=/bin/dd
ac_cv_path_mkdir=/bin/mkdir
ac_cv_prog_AWK=mawk
ac_cv_prog_CPP='gcc -E'
ac_cv_prog_CXXCPP='g++ -E'
ac_cv_prog_ac_ct_AR=ar
ac_cv_prog_ac_ct_CC=gcc
ac_cv_prog_ac_ct_CXX=g++
ac_cv_prog_ac_ct_MANIFEST_TOOL=mt
ac_cv_prog_ac_ct_OBJDUMP=objdump
ac_cv_prog_ac_ct_RANLIB=ranlib
ac_cv_prog_ac_ct_STRIP=strip
ac_cv_prog_cc_c89=
ac_cv_prog_cc_c99=
ac_cv_prog_cc_g=yes
ac_cv_prog_cxx_g=yes
ac_cv_prog_make_make_set=yes
ac_cv_search_wandio_create=-lwandio
ac_cv_sys_file_offset_bits=no
ac_cv_sys_largefile_CC=no
ac_cv_type_size_t=yes
am_cv_CC_dependencies_compiler_type=gcc3
am_cv_CXX_dependencies_compiler_type=gcc3
am_cv_make_support_nested_variables=yes
am_cv_prog_cc_c_o=yes
ax_cv_PTHREAD_JOINABLE_ATTR=PTHREAD_CREATE_JOINABLE
ax_cv_PTHREAD_PRIO_INHERIT=yes
ax_cv_PTHREAD_REJECT_UNKNOWN=no
ax_cv_PTHREAD_SPECIAL_FLAGS=no
lt_cv_ar_at_file=@
lt_cv_archive_cmds_need_lc=no
lt_cv_deplibs_check_method=pass_all
lt_cv_file_magic_cmd='$MAGIC_CMD'
lt_cv_file_magic_test_file=
lt_cv_ld_reload_flag=-r
lt_cv_nm_interface='BSD nm'
lt_cv_objdir=.libs
lt_cv_path_LD=/usr/bin/ld
lt_cv_path_LDCXX='/usr/bin/ld -m elf_x86_64'
lt_cv_path_NM='/usr/bin/nm -B'
lt_cv_path_mainfest_tool=no
lt_cv_prog_compiler_c_o=yes
lt_cv_prog_compiler_c_o_CXX=yes
lt_cv_prog_compiler_pic='-fPIC -DPIC'
lt_cv_prog_compiler_pic_CXX='-fPIC -DPIC'
lt_cv_prog_compiler_pic_works=yes
lt_cv_prog_compiler_pic_works_CXX=yes
lt_cv_prog_compiler_rtti_exceptions=no
lt_cv_prog_compiler_static_works=yes
lt_cv_prog_compiler_static_works_CXX=yes
lt_cv_prog_gnu_ld=yes
lt_cv_prog_gnu_ldcxx=yes
lt_cv_sharedlib_from_linklib_cmd='printf %s\n'
lt_cv_shlibpath_overrides_runpath=yes
lt_cv_sys_global_symbol_pipe='sed -n -e '\''s/^.*[	 ]\([ABCDGIRSTW][ABCDGIRSTW]*\)[	 ][	 ]*\([_A-Za-z][_A-Za-z0-9]*\)$/\1 \2 \2/p'\'' | sed '\''/ __gnu_lto/d'\'''
lt_cv_sys_global_symbol_to_c_name_address='sed -n -e '\''s/^: \(.*\) .*$/  {"\1", (void *) 0},/p'\'' -e '\''s/^[ABCDGIRSTW][ABCDGIRSTW]* .* \(.*\)$/  {"\1", (void *) \&\1},/p'\'''
lt_cv_sys_global_symbol_to_c_name_address_lib_prefix='sed -n -e '\''s/^: \(.*\) .*$/  {"\1", (void *) 0},/p'\'' -e '\''s/^[ABCDGIRSTW][ABCDGIRSTW]* .* \(lib.*\)$/  {"\1", (void *) \&\1},/p'\'' -e '\''s/^[ABCDGIRSTW][ABCDGIRSTW]* .* \(.*\)$/  {"lib\1", (void *) \&\1},/p'\'''
lt_cv_sys_global_symbol_to_cdecl='sed -n -e '\''s/^T .* \(.*\)$/extern int \1();/p'\'' -e '\''s/^[ABCDGIRSTW][ABCDGIRSTW]* .* \(.*\)$/extern char \1;/p'\'''
lt_cv_sys_global_symbol_to_import=
lt_cv_sys_max_cmd_len=1572864
lt_cv_to_host_file_cmd=func_convert_file_noop
lt_cv_to_tool_file_cmd=func_convert_file_noop
lt_cv_truncate_bin='/bin/dd bs=4096 count=1'

## ----------------- ##
## Output variables. ##
## ----------------- ##

ACLOCAL='${SHELL} /home/leandros/Desktop/SCC300/src/bgpstream-1.2.1/missing aclocal-1.16'
AMDEPBACKSLASH='\'
AMDEP_FALSE='#'
AMDEP_TRUE=''
AMTAR='$${TAR-tar}'
AM_BACKSLASH='\'
AM_DEFAULT_V='$(AM_DEFAULT_VERBOSITY)'
AM_DEFAULT_VERBOSITY='1'
AM_V='$(V)'
AR='ar'
AUTOCONF='${SHELL} /home/leandros/Desktop/SCC300/src/bgpstream-1.2.1/missing autoconf'
AUTOHEADER='${SHELL} /home/leandros/Desktop/SCC300/src/bgpstream-1.2.1/missing autoheader'
AUTOMAKE='${SHELL} /home/leandros/Desktop/SCC300/src/bgpstream-1.2.1/missing automake-1.16'
AWK='mawk'
BGPSTREAM_MAJOR_VERSION='1'
BGPSTREAM_MID_VERSION='2'
BGPSTREAM_MINOR_VERSION='1'
CC='gcc'
CCDEPMODE='depmode=gcc3'
CFLAGS='-g -O2 -pthread'
CPP='gcc -E'
CPPFLAGS=''
CXX='g++'
CXXCPP='g++ -E'
CXXDEPMODE='depmode=gcc3'
CXXFLAGS='-g -O2'
CYGPATH_W='echo'
DEFS='-DHAVE_CONFIG_H'
DEPDIR='.deps'
DLLTOOL='false'
DSYMUTIL=''
DUMPBIN=''
ECHO_C=''
ECHO_N='-n'
ECHO_T=''
EGREP='/bin/grep -E'
EXEEXT=''
FGREP='/bin/grep -F'
GREP='/bin/grep'
INSTALL_DATA='${INSTALL} -m 644'
INSTALL_PROGRAM='${INSTALL}'
INSTALL_SCRIPT='${INSTALL}'
INSTALL_STRIP_PROGRAM='$(install_sh) -c -s'
LD='/usr/bin/ld -m elf_x86_64'
LDFLAGS=''
LIBBGPSTREAM_MAJOR_VERSION='2'
LIBBGPSTREAM_MID_VERSION='0'
LIBBGPSTREAM_MINOR_VERSION='0'
LIBOBJS=''
LIBS='-lwandio  '
LIBTOOL='$(SHELL) $(top_builddir)/libtool'
LIPO=''
LN_S='ln -s'
LTLIBOBJS=''
LT_SYS_LIBRARY_PATH=''
MAKEINFO='${SHELL} /home/leandros/Desktop/SCC300/src/bgpstream-1.2.1/missing makeinfo'
MANIFEST_TOOL=':'
MKDIR_P='/bin/mkdir -p'
NM='/usr/bin/nm -B'
NMEDIT=''
OBJDUMP='objdump'
OBJEXT='o'
OTOOL64=''
OTOOL=''
PACKAGE='bgpstream'
PACKAGE_BUGREPORT='bgpstream-info@caida.org'
PACKAGE_NAME='bgpstream'
PACKAGE_STRING='bgpstream 1.2.1'
PACKAGE_TARNAME='bgpstream'
PACKAGE_URL=''
PACKAGE_VERSION='1.2.1'
PATH_SEPARATOR=':'
PTHREAD_CC='gcc'
PTHREAD_CFLAGS='-pthread'
PTHREAD_LIBS=''
RANLIB='ranlib'
SED='/bin/sed'
SET_MAKE=''
SHELL='/bin/bash'
STRIP='strip'
VERSION='1.2.1'
WITH_DATA_INTERFACE_BROKER_FALSE='#'
WITH_DATA_INTERFACE_BROKER_TRUE=''
WITH_DATA_INTERFACE_CSVFILE_FALSE='#'
WITH_DATA_INTERFACE_CSVFILE_TRUE=''
WITH_DATA_INTERFACE_SINGLEFILE_FALSE='#'
WITH_DATA_INTERFACE_SINGLEFILE_TRUE=''
WITH_DATA_INTERFACE_SQLITE_FALSE=''
WITH_DATA_INTERFACE_SQLITE_TRUE='#'
WITH_PLUGIN_ASMONITOR_FALSE='#'
WITH_PLUGIN_ASMONITOR_TRUE=''
WITH_PLUGIN_PACIFIER_FALSE='#'
WITH_PLUGIN_PACIFIER_TRUE=''
WITH_PLUGIN_PFXMONITOR_FALSE='#'
WITH_PLUGIN_PFXMONITOR_TRUE=''
WITH_WANDIO_FALSE='#'
WITH_WANDIO_TRUE=''
ac_ct_AR='ar'
ac_ct_CC='gcc'
ac_ct_CXX='g++'
ac_ct_DUMPBIN=''
am__EXEEXT_FALSE=''
am__EXEEXT_TRUE='#'
am__fastdepCC_FALSE='#'
am__fastdepCC_TRUE=''
am__fastdepCXX_FALSE='#'
am__fastdepCXX_TRUE=''
am__include='include'
am__isrc=''
am__leading_dot='.'
am__nodep='_no'
am__quote=''
am__tar='$${TAR-tar} chof - "$$tardir"'
am__untar='$${TAR-tar} xf -'
ax_pthread_config=''
bindir='${exec_prefix}/bin'
build='x86_64-pc-linux-gnu'
build_alias=''
build_cpu='x86_64'
build_os='linux-gnu'
build_vendor='pc'
datadir='${datarootdir}'
datarootdir='${prefix}/share'
docdir='${datarootdir}/doc/${PACKAGE_TARNAME}'
dvidir='${docdir}'
exec_prefix='${prefix}'
host='x86_64-pc-linux-gnu'
host_alias=''
host_cpu='x86_64'
host_os='linux-gnu'
host_vendor='pc'
htmldir='${docdir}'
includedir='${prefix}/include'
infodir='${datarootdir}/info'
install_sh='${SHELL} /home/leandros/Desktop/SCC300/src/bgpstream-1.2.1/install-sh'
libdir='${exec_prefix}/lib'
libexecdir='${exec_prefix}/libexec'
localedir='${datarootdir}/locale'
localstatedir='${prefix}/var'
mandir='${datarootdir}/man'
mkdir_p='$(MKDIR_P)'
oldincludedir='/usr/include'
pdfdir='${docdir}'
prefix='/usr/local'
program_transform_name='s,x,x,'
psdir='${docdir}'
sbindir='${exec_prefix}/sbin'
sharedstatedir='${prefix}/com'
sysconfdir='${prefix}/etc'
target_alias=''

## ----------- ##
## confdefs.h. ##
## ----------- ##

/* confdefs.h */
#define PACKAGE_NAME "bgpstream"
#define PACKAGE_TARNAME "bgpstream"
#define PACKAGE_VERSION "1.2.1"
#define PACKAGE_STRING "bgpstream 1.2.1"
#define PACKAGE_BUGREPORT "bgpstream-info@caida.org"
#define PACKAGE_URL ""
#define BGPSTREAM_MAJOR_VERSION 1
#define BGPSTREAM_MID_VERSION 2
#define BGPSTREAM_MINOR_VERSION 1
#define LIBBGPSTREAM_MAJOR_VERSION 2
#define LIBBGPSTREAM_MID_VERSION 0
#define LIBBGPSTREAM_MINOR_VERSION 0
#define STDC_HEADERS 1
#define HAVE_SYS_TYPES_H 1
#define HAVE_SYS_STAT_H 1
#define HAVE_STDLIB_H 1
#define HAVE_STRING_H 1
#define HAVE_MEMORY_H 1
#define HAVE_STRINGS_H 1
#define HAVE_INTTYPES_H 1
#define HAVE_STDINT_H 1
#define HAVE_UNISTD_H 1
#define HAVE_DLFCN_H 1
#define LT_OBJDIR ".libs/"
#define PACKAGE "bgpstream"
#define VERSION "1.2.1"
#define HAVE_GETTIMEOFDAY 1
#define HAVE_MEMSET 1
#define HAVE_STRDUP 1
#define HAVE_STRSTR 1
#define HAVE_STRSEP 1
#define HAVE_VASPRINTF 1
#define HAVE_STDLIB_H 1
#define HAVE_MALLOC 1
#define HAVE_STDLIB_H 1
#define HAVE_REALLOC 1
#define HAVE_ARPA_INET_H 1
#define HAVE_INTTYPES_H 1
#define HAVE_LIMITS_H 1
#define HAVE_MATH_H 1
#define HAVE_STDLIB_H 1
#define HAVE_STRING_H 1
#define HAVE_TIME_H 1
#define HAVE_SYS_TIME_H 1
#define PTHREAD_YIELD_FUNC pthread_yield
#define HAVE_PTHREAD_PRIO_INHERIT 1
#define HAVE_PTHREAD 1
#define WITH_DATA_INTERFACE_BROKER 1
#define WITH_DATA_INTERFACE_SINGLEFILE 1
#define WITH_DATA_INTERFACE_CSVFILE 1
#define BGPSTREAM_DS_BROKER_URL "https://bgpstream.caida.org/broker"
#define BGPSTREAM_DS_SINGLEFILE_RIB_FILE "not-set"
#define BGPSTREAM_DS_SINGLEFILE_UPDATE_FILE "not-set"
#define BGPSTREAM_DS_CSVFILE_CSV_FILE "not-set"
#define BGPCORSARO_MONITOR_NAME leandros-VirtualBox
#define WITH_PLUGIN_PFXMONITOR 1
#define WITH_PLUGIN_PACIFIER 1
#define WITH_PLUGIN_ASMONITOR 1
#define ED_PLUGIN_INIT_ALL_ENABLED PLUGIN_INIT_ADD(bgpcorsaro_pfxmonitor);PLUGIN_INIT_ADD(bgpcorsaro_pacifier);PLUGIN_INIT_ADD(bgpcorsaro_asmonitor);

configure: exit 0
